mode: set
github.com/apache/yunikorn-core/pkg/scheduler/objects/allocation.go:87.60,88.18 1 1
github.com/apache/yunikorn-core/pkg/scheduler/objects/allocation.go:88.18,90.3 1 1
github.com/apache/yunikorn-core/pkg/scheduler/objects/allocation.go:93.2,93.52 1 1
github.com/apache/yunikorn-core/pkg/scheduler/objects/allocation.go:93.52,97.3 2 1
github.com/apache/yunikorn-core/pkg/scheduler/objects/allocation.go:99.2,101.16 3 1
github.com/apache/yunikorn-core/pkg/scheduler/objects/allocation.go:101.16,105.3 2 1
github.com/apache/yunikorn-core/pkg/scheduler/objects/allocation.go:105.8,107.3 1 1
github.com/apache/yunikorn-core/pkg/scheduler/objects/allocation.go:109.2,111.67 3 1
github.com/apache/yunikorn-core/pkg/scheduler/objects/allocation.go:111.67,113.22 2 1
github.com/apache/yunikorn-core/pkg/scheduler/objects/allocation.go:114.33,115.23 1 1
github.com/apache/yunikorn-core/pkg/scheduler/objects/allocation.go:116.34,116.34 0 1
github.com/apache/yunikorn-core/pkg/scheduler/objects/allocation.go:117.11,119.38 1 1
github.com/apache/yunikorn-core/pkg/scheduler/objects/allocation.go:123.2,126.24 4 1
github.com/apache/yunikorn-core/pkg/scheduler/objects/allocation.go:126.24,130.3 3 1
github.com/apache/yunikorn-core/pkg/scheduler/objects/allocation.go:132.2,152.3 1 1
github.com/apache/yunikorn-core/pkg/scheduler/objects/allocation.go:158.59,159.14 1 1
github.com/apache/yunikorn-core/pkg/scheduler/objects/allocation.go:159.14,161.3 1 1
github.com/apache/yunikorn-core/pkg/scheduler/objects/allocation.go:162.2,174.3 1 1
github.com/apache/yunikorn-core/pkg/scheduler/objects/allocation.go:177.38,178.14 1 1
github.com/apache/yunikorn-core/pkg/scheduler/objects/allocation.go:178.14,180.3 1 1
github.com/apache/yunikorn-core/pkg/scheduler/objects/allocation.go:181.2,181.162 1 1
github.com/apache/yunikorn-core/pkg/scheduler/objects/allocation.go:185.48,187.2 1 1
github.com/apache/yunikorn-core/pkg/scheduler/objects/allocation.go:190.48,192.2 1 1
github.com/apache/yunikorn-core/pkg/scheduler/objects/allocation.go:195.44,197.2 1 1
github.com/apache/yunikorn-core/pkg/scheduler/objects/allocation.go:200.48,202.2 1 1
github.com/apache/yunikorn-core/pkg/scheduler/objects/allocation.go:205.46,209.2 3 1
github.com/apache/yunikorn-core/pkg/scheduler/objects/allocation.go:212.54,216.2 3 1
github.com/apache/yunikorn-core/pkg/scheduler/objects/allocation.go:219.47,223.2 3 1
github.com/apache/yunikorn-core/pkg/scheduler/objects/allocation.go:226.63,230.2 3 1
github.com/apache/yunikorn-core/pkg/scheduler/objects/allocation.go:233.59,237.2 3 1
github.com/apache/yunikorn-core/pkg/scheduler/objects/allocation.go:240.80,244.2 3 1
github.com/apache/yunikorn-core/pkg/scheduler/objects/allocation.go:247.43,249.2 1 1
github.com/apache/yunikorn-core/pkg/scheduler/objects/allocation.go:252.42,254.2 1 1
github.com/apache/yunikorn-core/pkg/scheduler/objects/allocation.go:257.41,261.2 3 1
github.com/apache/yunikorn-core/pkg/scheduler/objects/allocation.go:264.47,268.2 3 1
github.com/apache/yunikorn-core/pkg/scheduler/objects/allocation.go:271.55,275.2 3 1
github.com/apache/yunikorn-core/pkg/scheduler/objects/allocation.go:278.47,282.2 3 1
github.com/apache/yunikorn-core/pkg/scheduler/objects/allocation.go:285.42,287.2 1 1
github.com/apache/yunikorn-core/pkg/scheduler/objects/allocation.go:290.40,294.2 3 1
github.com/apache/yunikorn-core/pkg/scheduler/objects/allocation.go:297.49,301.2 3 1
github.com/apache/yunikorn-core/pkg/scheduler/objects/allocation.go:304.55,306.2 1 1
github.com/apache/yunikorn-core/pkg/scheduler/objects/allocation.go:309.47,313.2 3 1
github.com/apache/yunikorn-core/pkg/scheduler/objects/allocation.go:316.54,320.2 3 1
github.com/apache/yunikorn-core/pkg/scheduler/objects/allocation.go:323.37,327.2 3 1
github.com/apache/yunikorn-core/pkg/scheduler/objects/allocation.go:330.40,334.2 3 0
github.com/apache/yunikorn-core/pkg/scheduler/objects/allocation.go:337.65,341.2 3 1
github.com/apache/yunikorn-core/pkg/scheduler/objects/allocation.go:344.82,348.2 3 1
github.com/apache/yunikorn-core/pkg/scheduler/objects/allocation.go:351.38,355.2 3 1
github.com/apache/yunikorn-core/pkg/scheduler/objects/allocation.go:358.41,362.2 3 1
github.com/apache/yunikorn-core/pkg/scheduler/objects/allocation.go:365.68,367.25 2 1
github.com/apache/yunikorn-core/pkg/scheduler/objects/allocation.go:367.25,369.3 1 1
github.com/apache/yunikorn-core/pkg/scheduler/objects/allocation.go:370.2,370.15 1 1
github.com/apache/yunikorn-core/pkg/scheduler/objects/allocation.go:374.38,378.17 3 1
github.com/apache/yunikorn-core/pkg/scheduler/objects/allocation.go:378.17,380.3 1 1
github.com/apache/yunikorn-core/pkg/scheduler/objects/allocation.go:381.2,382.13 2 1
github.com/apache/yunikorn-core/pkg/scheduler/objects/allocation.go:386.40,390.18 3 1
github.com/apache/yunikorn-core/pkg/scheduler/objects/allocation.go:390.18,392.3 1 1
github.com/apache/yunikorn-core/pkg/scheduler/objects/allocation.go:393.2,394.13 2 1
github.com/apache/yunikorn-core/pkg/scheduler/objects/allocation.go:398.41,402.2 3 1
github.com/apache/yunikorn-core/pkg/scheduler/objects/allocation.go:405.54,409.2 3 1
github.com/apache/yunikorn-core/pkg/scheduler/objects/allocation.go:412.47,416.2 3 1
github.com/apache/yunikorn-core/pkg/scheduler/objects/allocation.go:419.47,421.2 1 1
github.com/apache/yunikorn-core/pkg/scheduler/objects/allocation.go:424.51,426.2 1 1
github.com/apache/yunikorn-core/pkg/scheduler/objects/allocation.go:429.48,431.2 1 1
github.com/apache/yunikorn-core/pkg/scheduler/objects/allocation.go:434.49,436.2 1 1
github.com/apache/yunikorn-core/pkg/scheduler/objects/allocation.go:439.52,441.9 2 1
github.com/apache/yunikorn-core/pkg/scheduler/objects/allocation.go:441.9,443.3 1 1
github.com/apache/yunikorn-core/pkg/scheduler/objects/allocation.go:444.2,444.15 1 1
github.com/apache/yunikorn-core/pkg/scheduler/objects/allocation.go:448.74,450.15 1 1
github.com/apache/yunikorn-core/pkg/scheduler/objects/allocation.go:450.15,452.3 1 1
github.com/apache/yunikorn-core/pkg/scheduler/objects/allocation.go:454.2,458.9 4 1
github.com/apache/yunikorn-core/pkg/scheduler/objects/allocation.go:458.9,463.3 2 1
github.com/apache/yunikorn-core/pkg/scheduler/objects/allocation.go:464.2,465.15 2 1
github.com/apache/yunikorn-core/pkg/scheduler/objects/allocation.go:470.80,472.2 1 1
github.com/apache/yunikorn-core/pkg/scheduler/objects/allocation.go:475.73,477.2 1 1
github.com/apache/yunikorn-core/pkg/scheduler/objects/allocation.go:480.114,482.2 1 1
github.com/apache/yunikorn-core/pkg/scheduler/objects/allocation.go:485.63,491.35 5 1
github.com/apache/yunikorn-core/pkg/scheduler/objects/allocation.go:491.35,498.3 2 1
github.com/apache/yunikorn-core/pkg/scheduler/objects/allocation.go:499.2,499.12 1 1
github.com/apache/yunikorn-core/pkg/scheduler/objects/allocation.go:503.48,507.2 3 1
github.com/apache/yunikorn-core/pkg/scheduler/objects/allocation.go:510.52,514.2 3 1
github.com/apache/yunikorn-core/pkg/scheduler/objects/allocation.go:517.55,518.34 1 1
github.com/apache/yunikorn-core/pkg/scheduler/objects/allocation.go:518.34,520.3 1 1
github.com/apache/yunikorn-core/pkg/scheduler/objects/allocation.go:522.2,522.36 1 1
github.com/apache/yunikorn-core/pkg/scheduler/objects/allocation.go:526.61,530.2 3 1
github.com/apache/yunikorn-core/pkg/scheduler/objects/allocation.go:533.51,537.2 3 1
github.com/apache/yunikorn-core/pkg/scheduler/objects/allocation.go:540.58,544.2 3 1
github.com/apache/yunikorn-core/pkg/scheduler/objects/allocation.go:547.49,551.2 3 1
github.com/apache/yunikorn-core/pkg/scheduler/objects/allocation.go:553.89,556.28 3 1
github.com/apache/yunikorn-core/pkg/scheduler/objects/allocation.go:556.28,559.3 2 1
github.com/apache/yunikorn-core/pkg/scheduler/objects/allocation.go:562.59,565.27 3 1
github.com/apache/yunikorn-core/pkg/scheduler/objects/allocation.go:565.27,568.3 2 1
github.com/apache/yunikorn-core/pkg/scheduler/objects/allocation.go:571.77,574.29 3 1
github.com/apache/yunikorn-core/pkg/scheduler/objects/allocation.go:574.29,577.3 2 1
github.com/apache/yunikorn-core/pkg/scheduler/objects/allocation.go:580.48,583.28 3 1
github.com/apache/yunikorn-core/pkg/scheduler/objects/allocation.go:583.28,586.3 2 1
github.com/apache/yunikorn-core/pkg/scheduler/objects/allocation.go:589.39,591.2 1 1
github.com/apache/yunikorn-core/pkg/scheduler/objects/allocation.go:593.43,595.2 1 1
github.com/apache/yunikorn-core/pkg/scheduler/objects/allocation_result.go:34.49,36.2 1 1
github.com/apache/yunikorn-core/pkg/scheduler/objects/allocation_result.go:46.45,47.15 1 1
github.com/apache/yunikorn-core/pkg/scheduler/objects/allocation_result.go:47.15,49.3 1 1
github.com/apache/yunikorn-core/pkg/scheduler/objects/allocation_result.go:50.2,51.23 2 1
github.com/apache/yunikorn-core/pkg/scheduler/objects/allocation_result.go:51.23,53.3 1 1
github.com/apache/yunikorn-core/pkg/scheduler/objects/allocation_result.go:54.2,54.154 1 1
github.com/apache/yunikorn-core/pkg/scheduler/objects/allocation_result.go:58.89,60.2 1 1
github.com/apache/yunikorn-core/pkg/scheduler/objects/allocation_result.go:63.88,65.2 1 1
github.com/apache/yunikorn-core/pkg/scheduler/objects/allocation_result.go:68.90,70.2 1 1
github.com/apache/yunikorn-core/pkg/scheduler/objects/allocation_result.go:73.88,75.2 1 1
github.com/apache/yunikorn-core/pkg/scheduler/objects/allocation_result.go:78.121,84.2 1 1
github.com/apache/yunikorn-core/pkg/scheduler/objects/application.go:127.139,158.54 4 1
github.com/apache/yunikorn-core/pkg/scheduler/objects/application.go:158.54,162.3 2 1
github.com/apache/yunikorn-core/pkg/scheduler/objects/application.go:163.2,170.12 8 1
github.com/apache/yunikorn-core/pkg/scheduler/objects/application.go:173.40,174.15 1 1
github.com/apache/yunikorn-core/pkg/scheduler/objects/application.go:174.15,176.3 1 1
github.com/apache/yunikorn-core/pkg/scheduler/objects/application.go:177.2,178.80 1 1
github.com/apache/yunikorn-core/pkg/scheduler/objects/application.go:181.47,183.2 1 1
github.com/apache/yunikorn-core/pkg/scheduler/objects/application.go:185.53,191.2 1 1
github.com/apache/yunikorn-core/pkg/scheduler/objects/application.go:193.55,197.2 3 1
github.com/apache/yunikorn-core/pkg/scheduler/objects/application.go:201.47,205.2 2 0
github.com/apache/yunikorn-core/pkg/scheduler/objects/application.go:209.46,211.2 1 1
github.com/apache/yunikorn-core/pkg/scheduler/objects/application.go:213.42,215.2 1 1
github.com/apache/yunikorn-core/pkg/scheduler/objects/application.go:217.37,219.2 1 1
github.com/apache/yunikorn-core/pkg/scheduler/objects/application.go:221.41,223.2 1 1
github.com/apache/yunikorn-core/pkg/scheduler/objects/application.go:225.44,227.2 1 1
github.com/apache/yunikorn-core/pkg/scheduler/objects/application.go:229.43,231.2 1 1
github.com/apache/yunikorn-core/pkg/scheduler/objects/application.go:233.42,235.2 1 1
github.com/apache/yunikorn-core/pkg/scheduler/objects/application.go:237.41,239.2 1 1
github.com/apache/yunikorn-core/pkg/scheduler/objects/application.go:241.41,243.2 1 1
github.com/apache/yunikorn-core/pkg/scheduler/objects/application.go:245.40,247.2 1 1
github.com/apache/yunikorn-core/pkg/scheduler/objects/application.go:249.42,251.2 1 1
github.com/apache/yunikorn-core/pkg/scheduler/objects/application.go:255.77,258.47 2 1
github.com/apache/yunikorn-core/pkg/scheduler/objects/application.go:258.47,260.3 1 1
github.com/apache/yunikorn-core/pkg/scheduler/objects/application.go:261.2,261.12 1 1
github.com/apache/yunikorn-core/pkg/scheduler/objects/application.go:266.103,269.47 2 1
github.com/apache/yunikorn-core/pkg/scheduler/objects/application.go:269.47,271.3 1 0
github.com/apache/yunikorn-core/pkg/scheduler/objects/application.go:272.2,272.12 1 1
github.com/apache/yunikorn-core/pkg/scheduler/objects/application.go:278.74,280.64 2 1
github.com/apache/yunikorn-core/pkg/scheduler/objects/application.go:280.64,282.3 1 1
github.com/apache/yunikorn-core/pkg/scheduler/objects/application.go:283.2,284.25 2 1
github.com/apache/yunikorn-core/pkg/scheduler/objects/application.go:284.25,286.3 1 1
github.com/apache/yunikorn-core/pkg/scheduler/objects/application.go:286.8,288.3 1 1
github.com/apache/yunikorn-core/pkg/scheduler/objects/application.go:289.2,300.5 1 1
github.com/apache/yunikorn-core/pkg/scheduler/objects/application.go:306.106,313.2 2 1
github.com/apache/yunikorn-core/pkg/scheduler/objects/application.go:315.95,316.16 1 1
github.com/apache/yunikorn-core/pkg/scheduler/objects/application.go:316.16,322.49 3 1
github.com/apache/yunikorn-core/pkg/scheduler/objects/application.go:322.49,327.71 2 1
github.com/apache/yunikorn-core/pkg/scheduler/objects/application.go:327.71,329.58 2 0
github.com/apache/yunikorn-core/pkg/scheduler/objects/application.go:329.58,331.28 1 0
github.com/apache/yunikorn-core/pkg/scheduler/objects/application.go:331.28,332.15 1 0
github.com/apache/yunikorn-core/pkg/scheduler/objects/application.go:334.6,335.42 2 0
github.com/apache/yunikorn-core/pkg/scheduler/objects/application.go:337.5,338.25 2 0
github.com/apache/yunikorn-core/pkg/scheduler/objects/application.go:339.10,342.5 1 1
github.com/apache/yunikorn-core/pkg/scheduler/objects/application.go:349.42,350.39 1 1
github.com/apache/yunikorn-core/pkg/scheduler/objects/application.go:350.39,352.3 1 1
github.com/apache/yunikorn-core/pkg/scheduler/objects/application.go:353.2,357.50 3 1
github.com/apache/yunikorn-core/pkg/scheduler/objects/application.go:360.47,361.75 1 1
github.com/apache/yunikorn-core/pkg/scheduler/objects/application.go:361.75,363.3 1 1
github.com/apache/yunikorn-core/pkg/scheduler/objects/application.go:364.2,367.87 2 1
github.com/apache/yunikorn-core/pkg/scheduler/objects/application.go:370.48,371.45 1 1
github.com/apache/yunikorn-core/pkg/scheduler/objects/application.go:371.45,373.3 1 1
github.com/apache/yunikorn-core/pkg/scheduler/objects/application.go:374.2,378.43 3 1
github.com/apache/yunikorn-core/pkg/scheduler/objects/application.go:386.55,389.89 3 1
github.com/apache/yunikorn-core/pkg/scheduler/objects/application.go:389.89,393.56 3 1
github.com/apache/yunikorn-core/pkg/scheduler/objects/application.go:393.56,395.26 1 1
github.com/apache/yunikorn-core/pkg/scheduler/objects/application.go:395.26,397.13 2 1
github.com/apache/yunikorn-core/pkg/scheduler/objects/application.go:399.4,400.40 2 1
github.com/apache/yunikorn-core/pkg/scheduler/objects/application.go:402.3,407.130 2 1
github.com/apache/yunikorn-core/pkg/scheduler/objects/application.go:408.8,412.37 2 1
github.com/apache/yunikorn-core/pkg/scheduler/objects/application.go:412.37,414.4 1 1
github.com/apache/yunikorn-core/pkg/scheduler/objects/application.go:415.3,415.96 1 1
github.com/apache/yunikorn-core/pkg/scheduler/objects/application.go:415.96,420.4 1 0
github.com/apache/yunikorn-core/pkg/scheduler/objects/application.go:422.3,423.40 2 1
github.com/apache/yunikorn-core/pkg/scheduler/objects/application.go:423.40,426.4 2 1
github.com/apache/yunikorn-core/pkg/scheduler/objects/application.go:428.3,428.37 1 1
github.com/apache/yunikorn-core/pkg/scheduler/objects/application.go:428.37,429.28 1 1
github.com/apache/yunikorn-core/pkg/scheduler/objects/application.go:429.28,433.5 3 1
github.com/apache/yunikorn-core/pkg/scheduler/objects/application.go:435.3,444.133 4 1
github.com/apache/yunikorn-core/pkg/scheduler/objects/application.go:446.2,446.28 1 1
github.com/apache/yunikorn-core/pkg/scheduler/objects/application.go:452.51,457.35 5 1
github.com/apache/yunikorn-core/pkg/scheduler/objects/application.go:457.35,460.3 2 1
github.com/apache/yunikorn-core/pkg/scheduler/objects/application.go:461.2,461.13 1 1
github.com/apache/yunikorn-core/pkg/scheduler/objects/application.go:465.75,469.2 3 0
github.com/apache/yunikorn-core/pkg/scheduler/objects/application.go:472.67,476.2 3 1
github.com/apache/yunikorn-core/pkg/scheduler/objects/application.go:479.70,483.2 3 0
github.com/apache/yunikorn-core/pkg/scheduler/objects/application.go:486.69,490.2 3 1
github.com/apache/yunikorn-core/pkg/scheduler/objects/application.go:494.64,498.2 3 1
github.com/apache/yunikorn-core/pkg/scheduler/objects/application.go:501.65,505.2 3 1
github.com/apache/yunikorn-core/pkg/scheduler/objects/application.go:510.65,514.2 3 1
github.com/apache/yunikorn-core/pkg/scheduler/objects/application.go:517.100,519.27 1 1
github.com/apache/yunikorn-core/pkg/scheduler/objects/application.go:519.27,521.3 1 1
github.com/apache/yunikorn-core/pkg/scheduler/objects/application.go:522.2,525.20 3 1
github.com/apache/yunikorn-core/pkg/scheduler/objects/application.go:525.20,527.43 1 1
github.com/apache/yunikorn-core/pkg/scheduler/objects/application.go:527.43,530.4 2 1
github.com/apache/yunikorn-core/pkg/scheduler/objects/application.go:532.3,536.35 4 1
github.com/apache/yunikorn-core/pkg/scheduler/objects/application.go:536.35,538.4 1 1
github.com/apache/yunikorn-core/pkg/scheduler/objects/application.go:539.3,542.74 4 1
github.com/apache/yunikorn-core/pkg/scheduler/objects/application.go:543.8,545.51 1 1
github.com/apache/yunikorn-core/pkg/scheduler/objects/application.go:545.51,550.4 3 1
github.com/apache/yunikorn-core/pkg/scheduler/objects/application.go:551.3,551.47 1 1
github.com/apache/yunikorn-core/pkg/scheduler/objects/application.go:551.47,552.26 1 1
github.com/apache/yunikorn-core/pkg/scheduler/objects/application.go:552.26,556.5 3 1
github.com/apache/yunikorn-core/pkg/scheduler/objects/application.go:557.4,560.68 4 1
github.com/apache/yunikorn-core/pkg/scheduler/objects/application.go:560.68,562.5 1 1
github.com/apache/yunikorn-core/pkg/scheduler/objects/application.go:566.2,573.147 3 1
github.com/apache/yunikorn-core/pkg/scheduler/objects/application.go:573.147,574.72 1 1
github.com/apache/yunikorn-core/pkg/scheduler/objects/application.go:574.72,578.4 1 0
github.com/apache/yunikorn-core/pkg/scheduler/objects/application.go:581.2,586.18 2 1
github.com/apache/yunikorn-core/pkg/scheduler/objects/application.go:591.64,594.16 3 1
github.com/apache/yunikorn-core/pkg/scheduler/objects/application.go:594.16,596.3 1 1
github.com/apache/yunikorn-core/pkg/scheduler/objects/application.go:597.2,597.71 1 1
github.com/apache/yunikorn-core/pkg/scheduler/objects/application.go:597.71,599.3 1 1
github.com/apache/yunikorn-core/pkg/scheduler/objects/application.go:600.2,603.91 3 1
github.com/apache/yunikorn-core/pkg/scheduler/objects/application.go:603.91,605.3 1 1
github.com/apache/yunikorn-core/pkg/scheduler/objects/application.go:611.2,611.81 1 1
github.com/apache/yunikorn-core/pkg/scheduler/objects/application.go:611.81,612.67 1 1
github.com/apache/yunikorn-core/pkg/scheduler/objects/application.go:612.67,616.4 1 0
github.com/apache/yunikorn-core/pkg/scheduler/objects/application.go:618.2,635.12 9 1
github.com/apache/yunikorn-core/pkg/scheduler/objects/application.go:640.75,643.18 3 1
github.com/apache/yunikorn-core/pkg/scheduler/objects/application.go:643.18,645.3 1 1
github.com/apache/yunikorn-core/pkg/scheduler/objects/application.go:646.2,646.52 1 1
github.com/apache/yunikorn-core/pkg/scheduler/objects/application.go:646.52,648.3 1 1
github.com/apache/yunikorn-core/pkg/scheduler/objects/application.go:649.2,650.21 2 1
github.com/apache/yunikorn-core/pkg/scheduler/objects/application.go:650.21,652.3 1 1
github.com/apache/yunikorn-core/pkg/scheduler/objects/application.go:654.2,657.29 4 1
github.com/apache/yunikorn-core/pkg/scheduler/objects/application.go:657.29,659.3 1 1
github.com/apache/yunikorn-core/pkg/scheduler/objects/application.go:660.2,662.28 2 1
github.com/apache/yunikorn-core/pkg/scheduler/objects/application.go:662.28,679.3 5 1
github.com/apache/yunikorn-core/pkg/scheduler/objects/application.go:679.8,692.3 4 1
github.com/apache/yunikorn-core/pkg/scheduler/objects/application.go:695.2,696.12 2 1
github.com/apache/yunikorn-core/pkg/scheduler/objects/application.go:701.64,704.18 3 1
github.com/apache/yunikorn-core/pkg/scheduler/objects/application.go:704.18,706.3 1 1
github.com/apache/yunikorn-core/pkg/scheduler/objects/application.go:708.2,711.16 2 1
github.com/apache/yunikorn-core/pkg/scheduler/objects/application.go:711.16,712.67 1 1
github.com/apache/yunikorn-core/pkg/scheduler/objects/application.go:712.67,715.4 1 0
github.com/apache/yunikorn-core/pkg/scheduler/objects/application.go:719.66,725.48 4 1
github.com/apache/yunikorn-core/pkg/scheduler/objects/application.go:725.48,728.3 2 1
github.com/apache/yunikorn-core/pkg/scheduler/objects/application.go:730.2,730.25 1 1
github.com/apache/yunikorn-core/pkg/scheduler/objects/application.go:730.25,732.3 1 1
github.com/apache/yunikorn-core/pkg/scheduler/objects/application.go:735.82,738.46 3 1
github.com/apache/yunikorn-core/pkg/scheduler/objects/application.go:738.46,740.3 1 1
github.com/apache/yunikorn-core/pkg/scheduler/objects/application.go:741.2,741.70 1 1
github.com/apache/yunikorn-core/pkg/scheduler/objects/application.go:744.84,747.46 3 1
github.com/apache/yunikorn-core/pkg/scheduler/objects/application.go:747.46,749.3 1 1
github.com/apache/yunikorn-core/pkg/scheduler/objects/application.go:750.2,750.70 1 1
github.com/apache/yunikorn-core/pkg/scheduler/objects/application.go:753.82,754.21 1 1
github.com/apache/yunikorn-core/pkg/scheduler/objects/application.go:754.21,756.3 1 1
github.com/apache/yunikorn-core/pkg/scheduler/objects/application.go:758.2,758.44 1 1
github.com/apache/yunikorn-core/pkg/scheduler/objects/application.go:758.44,761.3 1 1
github.com/apache/yunikorn-core/pkg/scheduler/objects/application.go:763.2,769.19 5 1
github.com/apache/yunikorn-core/pkg/scheduler/objects/application.go:772.84,773.23 1 1
github.com/apache/yunikorn-core/pkg/scheduler/objects/application.go:773.23,775.3 1 1
github.com/apache/yunikorn-core/pkg/scheduler/objects/application.go:777.2,778.37 2 1
github.com/apache/yunikorn-core/pkg/scheduler/objects/application.go:778.37,782.3 2 1
github.com/apache/yunikorn-core/pkg/scheduler/objects/application.go:784.2,789.19 4 1
github.com/apache/yunikorn-core/pkg/scheduler/objects/application.go:793.43,797.2 3 1
github.com/apache/yunikorn-core/pkg/scheduler/objects/application.go:801.65,804.49 3 1
github.com/apache/yunikorn-core/pkg/scheduler/objects/application.go:804.49,806.3 1 1
github.com/apache/yunikorn-core/pkg/scheduler/objects/application.go:807.2,807.11 1 1
github.com/apache/yunikorn-core/pkg/scheduler/objects/application.go:813.67,814.31 1 1
github.com/apache/yunikorn-core/pkg/scheduler/objects/application.go:814.31,816.3 1 1
github.com/apache/yunikorn-core/pkg/scheduler/objects/application.go:817.2,819.38 3 1
github.com/apache/yunikorn-core/pkg/scheduler/objects/application.go:824.75,826.34 2 1
github.com/apache/yunikorn-core/pkg/scheduler/objects/application.go:826.34,831.3 2 1
github.com/apache/yunikorn-core/pkg/scheduler/objects/application.go:833.2,834.28 2 1
github.com/apache/yunikorn-core/pkg/scheduler/objects/application.go:834.28,840.3 2 0
github.com/apache/yunikorn-core/pkg/scheduler/objects/application.go:842.2,842.53 1 1
github.com/apache/yunikorn-core/pkg/scheduler/objects/application.go:842.53,844.3 1 1
github.com/apache/yunikorn-core/pkg/scheduler/objects/application.go:846.2,846.46 1 1
github.com/apache/yunikorn-core/pkg/scheduler/objects/application.go:846.46,848.3 1 1
github.com/apache/yunikorn-core/pkg/scheduler/objects/application.go:849.2,854.12 3 1
github.com/apache/yunikorn-core/pkg/scheduler/objects/application.go:860.67,865.31 2 1
github.com/apache/yunikorn-core/pkg/scheduler/objects/application.go:865.31,867.3 1 1
github.com/apache/yunikorn-core/pkg/scheduler/objects/application.go:868.2,871.9 4 1
github.com/apache/yunikorn-core/pkg/scheduler/objects/application.go:871.9,876.3 2 1
github.com/apache/yunikorn-core/pkg/scheduler/objects/application.go:877.2,877.35 1 1
github.com/apache/yunikorn-core/pkg/scheduler/objects/application.go:877.35,882.3 1 0
github.com/apache/yunikorn-core/pkg/scheduler/objects/application.go:883.2,883.38 1 1
github.com/apache/yunikorn-core/pkg/scheduler/objects/application.go:889.68,891.20 1 1
github.com/apache/yunikorn-core/pkg/scheduler/objects/application.go:891.20,893.3 1 0
github.com/apache/yunikorn-core/pkg/scheduler/objects/application.go:895.2,897.58 2 1
github.com/apache/yunikorn-core/pkg/scheduler/objects/application.go:897.58,899.15 1 1
github.com/apache/yunikorn-core/pkg/scheduler/objects/application.go:899.15,904.4 1 1
github.com/apache/yunikorn-core/pkg/scheduler/objects/application.go:905.3,910.11 3 1
github.com/apache/yunikorn-core/pkg/scheduler/objects/application.go:913.2,918.10 2 0
github.com/apache/yunikorn-core/pkg/scheduler/objects/application.go:923.70,925.25 2 1
github.com/apache/yunikorn-core/pkg/scheduler/objects/application.go:925.25,929.3 2 1
github.com/apache/yunikorn-core/pkg/scheduler/objects/application.go:930.2,931.21 2 1
github.com/apache/yunikorn-core/pkg/scheduler/objects/application.go:931.21,936.3 2 1
github.com/apache/yunikorn-core/pkg/scheduler/objects/application.go:937.2,937.12 1 1
github.com/apache/yunikorn-core/pkg/scheduler/objects/application.go:940.133,943.30 3 1
github.com/apache/yunikorn-core/pkg/scheduler/objects/application.go:943.30,945.3 1 0
github.com/apache/yunikorn-core/pkg/scheduler/objects/application.go:946.2,946.44 1 1
github.com/apache/yunikorn-core/pkg/scheduler/objects/application.go:946.44,947.64 1 1
github.com/apache/yunikorn-core/pkg/scheduler/objects/application.go:947.64,948.12 1 1
github.com/apache/yunikorn-core/pkg/scheduler/objects/application.go:952.3,952.123 1 1
github.com/apache/yunikorn-core/pkg/scheduler/objects/application.go:952.123,953.105 1 1
github.com/apache/yunikorn-core/pkg/scheduler/objects/application.go:953.105,956.5 1 1
github.com/apache/yunikorn-core/pkg/scheduler/objects/application.go:957.4,958.90 2 1
github.com/apache/yunikorn-core/pkg/scheduler/objects/application.go:965.61,967.79 1 1
github.com/apache/yunikorn-core/pkg/scheduler/objects/application.go:967.79,969.3 1 1
github.com/apache/yunikorn-core/pkg/scheduler/objects/application.go:971.2,971.66 1 1
github.com/apache/yunikorn-core/pkg/scheduler/objects/application.go:971.66,973.3 1 1
github.com/apache/yunikorn-core/pkg/scheduler/objects/application.go:974.2,974.14 1 1
github.com/apache/yunikorn-core/pkg/scheduler/objects/application.go:978.270,981.30 3 1
github.com/apache/yunikorn-core/pkg/scheduler/objects/application.go:981.30,983.3 1 0
github.com/apache/yunikorn-core/pkg/scheduler/objects/application.go:985.2,987.44 2 1
github.com/apache/yunikorn-core/pkg/scheduler/objects/application.go:987.44,988.28 1 1
github.com/apache/yunikorn-core/pkg/scheduler/objects/application.go:988.28,989.12 1 1
github.com/apache/yunikorn-core/pkg/scheduler/objects/application.go:992.3,992.29 1 1
github.com/apache/yunikorn-core/pkg/scheduler/objects/application.go:992.29,993.12 1 0
github.com/apache/yunikorn-core/pkg/scheduler/objects/application.go:998.3,998.66 1 1
github.com/apache/yunikorn-core/pkg/scheduler/objects/application.go:998.66,1001.12 3 1
github.com/apache/yunikorn-core/pkg/scheduler/objects/application.go:1003.3,1007.62 3 1
github.com/apache/yunikorn-core/pkg/scheduler/objects/application.go:1007.62,1009.56 1 1
github.com/apache/yunikorn-core/pkg/scheduler/objects/application.go:1009.56,1012.28 3 1
github.com/apache/yunikorn-core/pkg/scheduler/objects/application.go:1012.28,1013.101 1 1
github.com/apache/yunikorn-core/pkg/scheduler/objects/application.go:1013.101,1016.7 1 1
github.com/apache/yunikorn-core/pkg/scheduler/objects/application.go:1017.6,1017.70 1 1
github.com/apache/yunikorn-core/pkg/scheduler/objects/application.go:1020.4,1022.12 3 1
github.com/apache/yunikorn-core/pkg/scheduler/objects/application.go:1024.3,1028.25 3 1
github.com/apache/yunikorn-core/pkg/scheduler/objects/application.go:1028.25,1030.21 2 1
github.com/apache/yunikorn-core/pkg/scheduler/objects/application.go:1030.21,1032.5 1 1
github.com/apache/yunikorn-core/pkg/scheduler/objects/application.go:1035.4,1035.12 1 0
github.com/apache/yunikorn-core/pkg/scheduler/objects/application.go:1038.3,1039.22 2 1
github.com/apache/yunikorn-core/pkg/scheduler/objects/application.go:1039.22,1040.63 1 1
github.com/apache/yunikorn-core/pkg/scheduler/objects/application.go:1040.63,1043.5 1 1
github.com/apache/yunikorn-core/pkg/scheduler/objects/application.go:1046.4,1046.56 1 1
github.com/apache/yunikorn-core/pkg/scheduler/objects/application.go:1046.56,1049.28 3 1
github.com/apache/yunikorn-core/pkg/scheduler/objects/application.go:1049.28,1050.100 1 1
github.com/apache/yunikorn-core/pkg/scheduler/objects/application.go:1050.100,1053.7 1 1
github.com/apache/yunikorn-core/pkg/scheduler/objects/application.go:1055.5,1055.69 1 1
github.com/apache/yunikorn-core/pkg/scheduler/objects/application.go:1060.2,1060.12 1 1
github.com/apache/yunikorn-core/pkg/scheduler/objects/application.go:1066.109,1071.17 4 1
github.com/apache/yunikorn-core/pkg/scheduler/objects/application.go:1071.17,1077.3 2 1
github.com/apache/yunikorn-core/pkg/scheduler/objects/application.go:1080.2,1082.27 3 1
github.com/apache/yunikorn-core/pkg/scheduler/objects/application.go:1082.27,1084.3 1 1
github.com/apache/yunikorn-core/pkg/scheduler/objects/application.go:1085.2,1088.19 3 1
github.com/apache/yunikorn-core/pkg/scheduler/objects/application.go:1088.19,1091.19 2 1
github.com/apache/yunikorn-core/pkg/scheduler/objects/application.go:1091.19,1098.4 3 1
github.com/apache/yunikorn-core/pkg/scheduler/objects/application.go:1099.3,1103.16 2 1
github.com/apache/yunikorn-core/pkg/scheduler/objects/application.go:1107.2,1107.18 1 1
github.com/apache/yunikorn-core/pkg/scheduler/objects/application.go:1107.18,1109.3 1 0
github.com/apache/yunikorn-core/pkg/scheduler/objects/application.go:1110.2,1112.15 3 1
github.com/apache/yunikorn-core/pkg/scheduler/objects/application.go:1118.76,1121.35 2 1
github.com/apache/yunikorn-core/pkg/scheduler/objects/application.go:1121.35,1123.35 1 1
github.com/apache/yunikorn-core/pkg/scheduler/objects/application.go:1123.35,1124.12 1 1
github.com/apache/yunikorn-core/pkg/scheduler/objects/application.go:1126.3,1127.14 2 1
github.com/apache/yunikorn-core/pkg/scheduler/objects/application.go:1127.14,1130.4 2 1
github.com/apache/yunikorn-core/pkg/scheduler/objects/application.go:1130.9,1133.4 2 0
github.com/apache/yunikorn-core/pkg/scheduler/objects/application.go:1134.3,1140.18 2 1
github.com/apache/yunikorn-core/pkg/scheduler/objects/application.go:1142.2,1142.17 1 1
github.com/apache/yunikorn-core/pkg/scheduler/objects/application.go:1148.129,1152.75 3 1
github.com/apache/yunikorn-core/pkg/scheduler/objects/application.go:1152.75,1154.3 1 1
github.com/apache/yunikorn-core/pkg/scheduler/objects/application.go:1156.2,1159.44 3 1
github.com/apache/yunikorn-core/pkg/scheduler/objects/application.go:1159.44,1162.87 1 1
github.com/apache/yunikorn-core/pkg/scheduler/objects/application.go:1162.87,1163.12 1 0
github.com/apache/yunikorn-core/pkg/scheduler/objects/application.go:1166.3,1167.31 2 1
github.com/apache/yunikorn-core/pkg/scheduler/objects/application.go:1167.31,1170.90 1 1
github.com/apache/yunikorn-core/pkg/scheduler/objects/application.go:1170.90,1171.13 1 1
github.com/apache/yunikorn-core/pkg/scheduler/objects/application.go:1174.4,1179.32 2 1
github.com/apache/yunikorn-core/pkg/scheduler/objects/application.go:1179.32,1188.13 5 1
github.com/apache/yunikorn-core/pkg/scheduler/objects/application.go:1192.4,1192.37 1 1
github.com/apache/yunikorn-core/pkg/scheduler/objects/application.go:1192.37,1195.5 2 1
github.com/apache/yunikorn-core/pkg/scheduler/objects/application.go:1196.4,1199.64 2 1
github.com/apache/yunikorn-core/pkg/scheduler/objects/application.go:1199.64,1201.19 2 1
github.com/apache/yunikorn-core/pkg/scheduler/objects/application.go:1201.19,1204.6 1 0
github.com/apache/yunikorn-core/pkg/scheduler/objects/application.go:1207.5,1216.61 7 1
github.com/apache/yunikorn-core/pkg/scheduler/objects/application.go:1221.2,1222.21 2 1
github.com/apache/yunikorn-core/pkg/scheduler/objects/application.go:1222.21,1224.3 1 1
github.com/apache/yunikorn-core/pkg/scheduler/objects/application.go:1227.2,1228.35 2 1
github.com/apache/yunikorn-core/pkg/scheduler/objects/application.go:1228.35,1230.46 2 1
github.com/apache/yunikorn-core/pkg/scheduler/objects/application.go:1230.46,1231.29 1 1
github.com/apache/yunikorn-core/pkg/scheduler/objects/application.go:1231.29,1236.5 2 0
github.com/apache/yunikorn-core/pkg/scheduler/objects/application.go:1237.4,1237.69 1 1
github.com/apache/yunikorn-core/pkg/scheduler/objects/application.go:1237.69,1239.5 1 0
github.com/apache/yunikorn-core/pkg/scheduler/objects/application.go:1241.4,1241.61 1 1
github.com/apache/yunikorn-core/pkg/scheduler/objects/application.go:1241.61,1243.5 1 1
github.com/apache/yunikorn-core/pkg/scheduler/objects/application.go:1246.4,1246.38 1 1
github.com/apache/yunikorn-core/pkg/scheduler/objects/application.go:1246.38,1252.5 2 0
github.com/apache/yunikorn-core/pkg/scheduler/objects/application.go:1253.4,1254.18 2 1
github.com/apache/yunikorn-core/pkg/scheduler/objects/application.go:1254.18,1260.5 3 0
github.com/apache/yunikorn-core/pkg/scheduler/objects/application.go:1264.4,1276.16 9 1
github.com/apache/yunikorn-core/pkg/scheduler/objects/application.go:1280.2,1280.20 1 1
github.com/apache/yunikorn-core/pkg/scheduler/objects/application.go:1284.125,1287.2 1 1
github.com/apache/yunikorn-core/pkg/scheduler/objects/application.go:1290.126,1297.42 4 1
github.com/apache/yunikorn-core/pkg/scheduler/objects/application.go:1297.42,1300.38 2 1
github.com/apache/yunikorn-core/pkg/scheduler/objects/application.go:1300.38,1303.18 2 0
github.com/apache/yunikorn-core/pkg/scheduler/objects/application.go:1303.18,1309.5 1 0
github.com/apache/yunikorn-core/pkg/scheduler/objects/application.go:1309.10,1311.5 1 0
github.com/apache/yunikorn-core/pkg/scheduler/objects/application.go:1313.4,1313.70 1 0
github.com/apache/yunikorn-core/pkg/scheduler/objects/application.go:1316.3,1316.54 1 1
github.com/apache/yunikorn-core/pkg/scheduler/objects/application.go:1316.54,1317.12 1 1
github.com/apache/yunikorn-core/pkg/scheduler/objects/application.go:1321.3,1321.34 1 1
github.com/apache/yunikorn-core/pkg/scheduler/objects/application.go:1321.34,1322.94 1 1
github.com/apache/yunikorn-core/pkg/scheduler/objects/application.go:1322.94,1324.13 2 1
github.com/apache/yunikorn-core/pkg/scheduler/objects/application.go:1329.3,1332.20 2 1
github.com/apache/yunikorn-core/pkg/scheduler/objects/application.go:1332.20,1335.4 2 0
github.com/apache/yunikorn-core/pkg/scheduler/objects/application.go:1339.2,1339.42 1 1
github.com/apache/yunikorn-core/pkg/scheduler/objects/application.go:1339.42,1342.36 2 1
github.com/apache/yunikorn-core/pkg/scheduler/objects/application.go:1342.36,1343.12 1 1
github.com/apache/yunikorn-core/pkg/scheduler/objects/application.go:1345.3,1346.22 2 1
github.com/apache/yunikorn-core/pkg/scheduler/objects/application.go:1346.22,1347.57 1 1
github.com/apache/yunikorn-core/pkg/scheduler/objects/application.go:1347.57,1348.13 1 1
github.com/apache/yunikorn-core/pkg/scheduler/objects/application.go:1350.4,1352.21 2 0
github.com/apache/yunikorn-core/pkg/scheduler/objects/application.go:1352.21,1354.5 1 0
github.com/apache/yunikorn-core/pkg/scheduler/objects/application.go:1357.2,1357.12 1 1
github.com/apache/yunikorn-core/pkg/scheduler/objects/application.go:1360.182,1364.37 2 1
github.com/apache/yunikorn-core/pkg/scheduler/objects/application.go:1364.37,1367.3 2 1
github.com/apache/yunikorn-core/pkg/scheduler/objects/application.go:1370.2,1374.34 3 1
github.com/apache/yunikorn-core/pkg/scheduler/objects/application.go:1377.94,1385.22 5 1
github.com/apache/yunikorn-core/pkg/scheduler/objects/application.go:1385.22,1389.34 2 1
github.com/apache/yunikorn-core/pkg/scheduler/objects/application.go:1389.34,1390.95 1 1
github.com/apache/yunikorn-core/pkg/scheduler/objects/application.go:1390.95,1392.5 1 0
github.com/apache/yunikorn-core/pkg/scheduler/objects/application.go:1393.4,1393.26 1 1
github.com/apache/yunikorn-core/pkg/scheduler/objects/application.go:1395.3,1398.14 3 1
github.com/apache/yunikorn-core/pkg/scheduler/objects/application.go:1400.2,1402.14 3 1
github.com/apache/yunikorn-core/pkg/scheduler/objects/application.go:1407.121,1409.45 2 1
github.com/apache/yunikorn-core/pkg/scheduler/objects/application.go:1409.45,1410.28 1 1
github.com/apache/yunikorn-core/pkg/scheduler/objects/application.go:1410.28,1415.4 2 1
github.com/apache/yunikorn-core/pkg/scheduler/objects/application.go:1417.3,1417.81 1 1
github.com/apache/yunikorn-core/pkg/scheduler/objects/application.go:1417.81,1419.4 1 1
github.com/apache/yunikorn-core/pkg/scheduler/objects/application.go:1421.3,1423.20 2 1
github.com/apache/yunikorn-core/pkg/scheduler/objects/application.go:1423.20,1428.4 4 1
github.com/apache/yunikorn-core/pkg/scheduler/objects/application.go:1430.3,1430.14 1 1
github.com/apache/yunikorn-core/pkg/scheduler/objects/application.go:1433.2,1433.20 1 1
github.com/apache/yunikorn-core/pkg/scheduler/objects/application.go:1438.91,1446.45 7 1
github.com/apache/yunikorn-core/pkg/scheduler/objects/application.go:1446.45,1448.28 1 1
github.com/apache/yunikorn-core/pkg/scheduler/objects/application.go:1448.28,1453.4 2 0
github.com/apache/yunikorn-core/pkg/scheduler/objects/application.go:1455.3,1455.50 1 1
github.com/apache/yunikorn-core/pkg/scheduler/objects/application.go:1455.50,1457.4 1 0
github.com/apache/yunikorn-core/pkg/scheduler/objects/application.go:1458.3,1460.17 3 1
github.com/apache/yunikorn-core/pkg/scheduler/objects/application.go:1460.17,1461.30 1 1
github.com/apache/yunikorn-core/pkg/scheduler/objects/application.go:1461.30,1463.5 1 1
github.com/apache/yunikorn-core/pkg/scheduler/objects/application.go:1464.4,1464.34 1 1
github.com/apache/yunikorn-core/pkg/scheduler/objects/application.go:1467.3,1467.20 1 1
github.com/apache/yunikorn-core/pkg/scheduler/objects/application.go:1467.20,1470.23 2 1
github.com/apache/yunikorn-core/pkg/scheduler/objects/application.go:1470.23,1471.39 1 0
github.com/apache/yunikorn-core/pkg/scheduler/objects/application.go:1471.39,1478.6 2 0
github.com/apache/yunikorn-core/pkg/scheduler/objects/application.go:1478.11,1484.6 1 0
github.com/apache/yunikorn-core/pkg/scheduler/objects/application.go:1485.5,1487.17 3 0
github.com/apache/yunikorn-core/pkg/scheduler/objects/application.go:1490.4,1491.16 2 1
github.com/apache/yunikorn-core/pkg/scheduler/objects/application.go:1494.3,1495.51 2 1
github.com/apache/yunikorn-core/pkg/scheduler/objects/application.go:1495.51,1503.29 3 1
github.com/apache/yunikorn-core/pkg/scheduler/objects/application.go:1503.29,1506.5 2 1
github.com/apache/yunikorn-core/pkg/scheduler/objects/application.go:1508.3,1508.14 1 1
github.com/apache/yunikorn-core/pkg/scheduler/objects/application.go:1511.2,1511.24 1 1
github.com/apache/yunikorn-core/pkg/scheduler/objects/application.go:1511.24,1513.3 1 1
github.com/apache/yunikorn-core/pkg/scheduler/objects/application.go:1515.2,1515.28 1 1
github.com/apache/yunikorn-core/pkg/scheduler/objects/application.go:1515.28,1517.3 1 1
github.com/apache/yunikorn-core/pkg/scheduler/objects/application.go:1521.2,1521.57 1 1
github.com/apache/yunikorn-core/pkg/scheduler/objects/application.go:1521.57,1528.53 2 1
github.com/apache/yunikorn-core/pkg/scheduler/objects/application.go:1528.53,1530.4 1 0
github.com/apache/yunikorn-core/pkg/scheduler/objects/application.go:1532.3,1532.64 1 1
github.com/apache/yunikorn-core/pkg/scheduler/objects/application.go:1535.2,1535.12 1 1
github.com/apache/yunikorn-core/pkg/scheduler/objects/application.go:1539.88,1543.55 3 1
github.com/apache/yunikorn-core/pkg/scheduler/objects/application.go:1543.55,1546.3 1 1
github.com/apache/yunikorn-core/pkg/scheduler/objects/application.go:1548.2,1548.56 1 1
github.com/apache/yunikorn-core/pkg/scheduler/objects/application.go:1548.56,1550.3 1 1
github.com/apache/yunikorn-core/pkg/scheduler/objects/application.go:1553.2,1553.32 1 1
github.com/apache/yunikorn-core/pkg/scheduler/objects/application.go:1553.32,1554.86 1 1
github.com/apache/yunikorn-core/pkg/scheduler/objects/application.go:1554.86,1560.4 3 0
github.com/apache/yunikorn-core/pkg/scheduler/objects/application.go:1562.3,1563.17 2 1
github.com/apache/yunikorn-core/pkg/scheduler/objects/application.go:1563.17,1566.4 1 0
github.com/apache/yunikorn-core/pkg/scheduler/objects/application.go:1568.3,1570.21 3 1
github.com/apache/yunikorn-core/pkg/scheduler/objects/application.go:1572.2,1572.17 1 0
github.com/apache/yunikorn-core/pkg/scheduler/objects/application.go:1575.46,1579.2 3 1
github.com/apache/yunikorn-core/pkg/scheduler/objects/application.go:1581.42,1585.2 3 0
github.com/apache/yunikorn-core/pkg/scheduler/objects/application.go:1589.55,1593.2 3 0
github.com/apache/yunikorn-core/pkg/scheduler/objects/application.go:1596.47,1604.2 6 1
github.com/apache/yunikorn-core/pkg/scheduler/objects/application.go:1607.37,1608.21 1 1
github.com/apache/yunikorn-core/pkg/scheduler/objects/application.go:1608.21,1610.3 1 0
github.com/apache/yunikorn-core/pkg/scheduler/objects/application.go:1611.2,1614.30 4 1
github.com/apache/yunikorn-core/pkg/scheduler/objects/application.go:1617.46,1621.2 3 0
github.com/apache/yunikorn-core/pkg/scheduler/objects/application.go:1623.49,1627.2 3 1
github.com/apache/yunikorn-core/pkg/scheduler/objects/application.go:1630.58,1635.39 4 1
github.com/apache/yunikorn-core/pkg/scheduler/objects/application.go:1635.39,1637.3 1 1
github.com/apache/yunikorn-core/pkg/scheduler/objects/application.go:1638.2,1638.20 1 1
github.com/apache/yunikorn-core/pkg/scheduler/objects/application.go:1643.66,1645.43 2 1
github.com/apache/yunikorn-core/pkg/scheduler/objects/application.go:1645.43,1647.3 1 1
github.com/apache/yunikorn-core/pkg/scheduler/objects/application.go:1648.2,1648.39 1 1
github.com/apache/yunikorn-core/pkg/scheduler/objects/application.go:1648.39,1649.28 1 1
github.com/apache/yunikorn-core/pkg/scheduler/objects/application.go:1649.28,1651.4 1 1
github.com/apache/yunikorn-core/pkg/scheduler/objects/application.go:1653.2,1653.20 1 1
github.com/apache/yunikorn-core/pkg/scheduler/objects/application.go:1657.55,1661.2 3 0
github.com/apache/yunikorn-core/pkg/scheduler/objects/application.go:1663.63,1665.34 2 1
github.com/apache/yunikorn-core/pkg/scheduler/objects/application.go:1665.34,1667.3 1 1
github.com/apache/yunikorn-core/pkg/scheduler/objects/application.go:1668.2,1668.17 1 1
github.com/apache/yunikorn-core/pkg/scheduler/objects/application.go:1672.57,1676.2 3 1
github.com/apache/yunikorn-core/pkg/scheduler/objects/application.go:1680.97,1682.27 1 1
github.com/apache/yunikorn-core/pkg/scheduler/objects/application.go:1682.27,1688.48 1 1
github.com/apache/yunikorn-core/pkg/scheduler/objects/application.go:1688.48,1691.4 2 1
github.com/apache/yunikorn-core/pkg/scheduler/objects/application.go:1693.3,1698.67 4 1
github.com/apache/yunikorn-core/pkg/scheduler/objects/application.go:1698.67,1699.68 1 1
github.com/apache/yunikorn-core/pkg/scheduler/objects/application.go:1699.68,1703.5 1 0
github.com/apache/yunikorn-core/pkg/scheduler/objects/application.go:1705.8,1710.92 1 1
github.com/apache/yunikorn-core/pkg/scheduler/objects/application.go:1710.92,1713.68 1 1
github.com/apache/yunikorn-core/pkg/scheduler/objects/application.go:1713.68,1717.5 1 1
github.com/apache/yunikorn-core/pkg/scheduler/objects/application.go:1719.3,1721.102 3 1
github.com/apache/yunikorn-core/pkg/scheduler/objects/application.go:1723.2,1724.50 2 1
github.com/apache/yunikorn-core/pkg/scheduler/objects/application.go:1729.75,1731.2 1 1
github.com/apache/yunikorn-core/pkg/scheduler/objects/application.go:1735.91,1737.2 1 1
github.com/apache/yunikorn-core/pkg/scheduler/objects/application.go:1740.65,1741.9 1 1
github.com/apache/yunikorn-core/pkg/scheduler/objects/application.go:1742.26,1743.35 1 1
github.com/apache/yunikorn-core/pkg/scheduler/objects/application.go:1744.28,1745.37 1 1
github.com/apache/yunikorn-core/pkg/scheduler/objects/application.go:1746.10,1747.30 1 1
github.com/apache/yunikorn-core/pkg/scheduler/objects/application.go:1753.61,1756.2 1 1
github.com/apache/yunikorn-core/pkg/scheduler/objects/application.go:1760.68,1763.2 1 1
github.com/apache/yunikorn-core/pkg/scheduler/objects/application.go:1767.66,1770.2 1 1
github.com/apache/yunikorn-core/pkg/scheduler/objects/application.go:1775.76,1781.15 4 1
github.com/apache/yunikorn-core/pkg/scheduler/objects/application.go:1781.15,1783.3 1 1
github.com/apache/yunikorn-core/pkg/scheduler/objects/application.go:1785.2,1786.18 2 1
github.com/apache/yunikorn-core/pkg/scheduler/objects/application.go:1786.18,1791.3 2 1
github.com/apache/yunikorn-core/pkg/scheduler/objects/application.go:1794.2,1801.11 6 1
github.com/apache/yunikorn-core/pkg/scheduler/objects/application.go:1806.107,1810.2 3 1
github.com/apache/yunikorn-core/pkg/scheduler/objects/application.go:1815.115,1819.18 2 1
github.com/apache/yunikorn-core/pkg/scheduler/objects/application.go:1819.18,1821.3 1 1
github.com/apache/yunikorn-core/pkg/scheduler/objects/application.go:1823.2,1827.27 4 1
github.com/apache/yunikorn-core/pkg/scheduler/objects/application.go:1827.27,1830.32 1 1
github.com/apache/yunikorn-core/pkg/scheduler/objects/application.go:1830.32,1831.65 1 1
github.com/apache/yunikorn-core/pkg/scheduler/objects/application.go:1831.65,1832.63 1 1
github.com/apache/yunikorn-core/pkg/scheduler/objects/application.go:1832.63,1834.6 1 1
github.com/apache/yunikorn-core/pkg/scheduler/objects/application.go:1834.11,1836.6 1 1
github.com/apache/yunikorn-core/pkg/scheduler/objects/application.go:1841.3,1845.48 3 1
github.com/apache/yunikorn-core/pkg/scheduler/objects/application.go:1845.48,1848.115 3 1
github.com/apache/yunikorn-core/pkg/scheduler/objects/application.go:1848.115,1851.23 3 1
github.com/apache/yunikorn-core/pkg/scheduler/objects/application.go:1851.23,1853.6 1 1
github.com/apache/yunikorn-core/pkg/scheduler/objects/application.go:1854.5,1854.24 1 1
github.com/apache/yunikorn-core/pkg/scheduler/objects/application.go:1854.24,1857.6 2 1
github.com/apache/yunikorn-core/pkg/scheduler/objects/application.go:1858.5,1858.91 1 1
github.com/apache/yunikorn-core/pkg/scheduler/objects/application.go:1862.3,1864.67 2 1
github.com/apache/yunikorn-core/pkg/scheduler/objects/application.go:1865.8,1873.30 4 1
github.com/apache/yunikorn-core/pkg/scheduler/objects/application.go:1873.30,1877.4 3 1
github.com/apache/yunikorn-core/pkg/scheduler/objects/application.go:1878.3,1878.67 1 1
github.com/apache/yunikorn-core/pkg/scheduler/objects/application.go:1880.2,1880.29 1 1
github.com/apache/yunikorn-core/pkg/scheduler/objects/application.go:1880.29,1881.58 1 1
github.com/apache/yunikorn-core/pkg/scheduler/objects/application.go:1881.58,1886.4 1 0
github.com/apache/yunikorn-core/pkg/scheduler/objects/application.go:1888.2,1890.14 3 1
github.com/apache/yunikorn-core/pkg/scheduler/objects/application.go:1893.47,1895.32 2 1
github.com/apache/yunikorn-core/pkg/scheduler/objects/application.go:1895.32,1896.22 1 1
github.com/apache/yunikorn-core/pkg/scheduler/objects/application.go:1896.22,1897.12 1 1
github.com/apache/yunikorn-core/pkg/scheduler/objects/application.go:1899.3,1899.38 1 1
github.com/apache/yunikorn-core/pkg/scheduler/objects/application.go:1901.2,1902.61 2 1
github.com/apache/yunikorn-core/pkg/scheduler/objects/application.go:1905.50,1907.2 1 1
github.com/apache/yunikorn-core/pkg/scheduler/objects/application.go:1911.61,1916.39 4 1
github.com/apache/yunikorn-core/pkg/scheduler/objects/application.go:1916.39,1918.57 1 1
github.com/apache/yunikorn-core/pkg/scheduler/objects/application.go:1918.57,1919.65 1 1
github.com/apache/yunikorn-core/pkg/scheduler/objects/application.go:1919.65,1921.5 1 1
github.com/apache/yunikorn-core/pkg/scheduler/objects/application.go:1923.3,1926.144 3 1
github.com/apache/yunikorn-core/pkg/scheduler/objects/application.go:1931.2,1931.94 1 1
github.com/apache/yunikorn-core/pkg/scheduler/objects/application.go:1931.94,1933.3 1 1
github.com/apache/yunikorn-core/pkg/scheduler/objects/application.go:1935.2,1939.34 4 1
github.com/apache/yunikorn-core/pkg/scheduler/objects/application.go:1939.34,1940.72 1 1
github.com/apache/yunikorn-core/pkg/scheduler/objects/application.go:1940.72,1944.4 1 1
github.com/apache/yunikorn-core/pkg/scheduler/objects/application.go:1946.2,1948.29 3 1
github.com/apache/yunikorn-core/pkg/scheduler/objects/application.go:1952.72,1957.2 3 0
github.com/apache/yunikorn-core/pkg/scheduler/objects/application.go:1960.69,1965.2 3 0
github.com/apache/yunikorn-core/pkg/scheduler/objects/application.go:1968.53,1973.2 3 0
github.com/apache/yunikorn-core/pkg/scheduler/objects/application.go:1977.50,1979.32 2 1
github.com/apache/yunikorn-core/pkg/scheduler/objects/application.go:1979.32,1980.34 1 1
github.com/apache/yunikorn-core/pkg/scheduler/objects/application.go:1980.34,1982.9 2 1
github.com/apache/yunikorn-core/pkg/scheduler/objects/application.go:1985.2,1985.15 1 1
github.com/apache/yunikorn-core/pkg/scheduler/objects/application.go:1988.46,1990.2 1 1
github.com/apache/yunikorn-core/pkg/scheduler/objects/application.go:1992.75,1996.2 3 0
github.com/apache/yunikorn-core/pkg/scheduler/objects/application.go:1998.52,1999.34 1 1
github.com/apache/yunikorn-core/pkg/scheduler/objects/application.go:1999.34,2001.3 1 0
github.com/apache/yunikorn-core/pkg/scheduler/objects/application.go:2007.127,2009.52 1 1
github.com/apache/yunikorn-core/pkg/scheduler/objects/application.go:2009.52,2011.3 1 1
github.com/apache/yunikorn-core/pkg/scheduler/objects/application.go:2012.2,2018.33 3 1
github.com/apache/yunikorn-core/pkg/scheduler/objects/application.go:2018.33,2026.3 1 1
github.com/apache/yunikorn-core/pkg/scheduler/objects/application.go:2027.2,2030.22 3 1
github.com/apache/yunikorn-core/pkg/scheduler/objects/application.go:2030.22,2032.3 1 1
github.com/apache/yunikorn-core/pkg/scheduler/objects/application.go:2032.8,2034.3 1 0
github.com/apache/yunikorn-core/pkg/scheduler/objects/application.go:2037.74,2042.2 4 0
github.com/apache/yunikorn-core/pkg/scheduler/objects/application.go:2044.52,2048.2 3 1
github.com/apache/yunikorn-core/pkg/scheduler/objects/application.go:2050.60,2051.31 1 1
github.com/apache/yunikorn-core/pkg/scheduler/objects/application.go:2051.31,2053.3 1 1
github.com/apache/yunikorn-core/pkg/scheduler/objects/application.go:2054.2,2055.53 2 1
github.com/apache/yunikorn-core/pkg/scheduler/objects/application.go:2055.53,2060.3 1 1
github.com/apache/yunikorn-core/pkg/scheduler/objects/application.go:2061.2,2061.43 1 1
github.com/apache/yunikorn-core/pkg/scheduler/objects/application.go:2064.67,2068.47 4 1
github.com/apache/yunikorn-core/pkg/scheduler/objects/application.go:2068.47,2070.3 1 1
github.com/apache/yunikorn-core/pkg/scheduler/objects/application.go:2071.2,2071.21 1 1
github.com/apache/yunikorn-core/pkg/scheduler/objects/application.go:2074.50,2078.2 3 1
github.com/apache/yunikorn-core/pkg/scheduler/objects/application.go:2080.38,2083.2 2 1
github.com/apache/yunikorn-core/pkg/scheduler/objects/application.go:2085.49,2089.2 3 1
github.com/apache/yunikorn-core/pkg/scheduler/objects/application.go:2093.79,2097.2 3 1
github.com/apache/yunikorn-core/pkg/scheduler/objects/application.go:2099.79,2113.2 1 1
github.com/apache/yunikorn-core/pkg/scheduler/objects/application.go:2119.51,2122.28 3 0
github.com/apache/yunikorn-core/pkg/scheduler/objects/application.go:2122.28,2125.3 2 0
github.com/apache/yunikorn-core/pkg/scheduler/objects/application.go:2126.2,2126.29 1 0
github.com/apache/yunikorn-core/pkg/scheduler/objects/application.go:2130.83,2133.15 3 0
github.com/apache/yunikorn-core/pkg/scheduler/objects/application.go:2134.22,2135.34 1 0
github.com/apache/yunikorn-core/pkg/scheduler/objects/application.go:2136.27,2137.39 1 0
github.com/apache/yunikorn-core/pkg/scheduler/objects/application.go:2138.29,2139.41 1 0
github.com/apache/yunikorn-core/pkg/scheduler/objects/application.go:2140.10,2141.39 1 0
github.com/apache/yunikorn-core/pkg/scheduler/objects/application.go:2145.56,2149.2 3 1
github.com/apache/yunikorn-core/pkg/scheduler/objects/application.go:2152.51,2154.2 1 0
github.com/apache/yunikorn-core/pkg/scheduler/objects/application.go:2157.85,2160.31 3 1
github.com/apache/yunikorn-core/pkg/scheduler/objects/application.go:2160.31,2162.3 1 0
github.com/apache/yunikorn-core/pkg/scheduler/objects/application.go:2163.2,2163.52 1 1
github.com/apache/yunikorn-core/pkg/scheduler/objects/application.go:2163.52,2165.3 1 1
github.com/apache/yunikorn-core/pkg/scheduler/objects/application.go:2169.52,2170.27 1 1
github.com/apache/yunikorn-core/pkg/scheduler/objects/application.go:2170.27,2172.3 1 1
github.com/apache/yunikorn-core/pkg/scheduler/objects/application.go:2173.2,2173.26 1 1
github.com/apache/yunikorn-core/pkg/scheduler/objects/application.go:2176.88,2179.43 3 1
github.com/apache/yunikorn-core/pkg/scheduler/objects/application.go:2179.43,2180.22 1 1
github.com/apache/yunikorn-core/pkg/scheduler/objects/application.go:2180.22,2185.4 2 1
github.com/apache/yunikorn-core/pkg/scheduler/objects/application.go:2185.9,2190.4 2 1
github.com/apache/yunikorn-core/pkg/scheduler/objects/application.go:2192.2,2194.51 2 1
github.com/apache/yunikorn-core/pkg/scheduler/objects/application.go:2194.51,2195.26 1 1
github.com/apache/yunikorn-core/pkg/scheduler/objects/application.go:2195.26,2202.4 2 1
github.com/apache/yunikorn-core/pkg/scheduler/objects/application.go:2202.9,2209.4 2 1
github.com/apache/yunikorn-core/pkg/scheduler/objects/application.go:2211.2,2211.46 1 1
github.com/apache/yunikorn-core/pkg/scheduler/objects/application.go:2215.68,2217.2 1 1
github.com/apache/yunikorn-core/pkg/scheduler/objects/application.go:2220.61,2222.2 1 1
github.com/apache/yunikorn-core/pkg/scheduler/objects/application.go:2225.44,2227.2 1 1
github.com/apache/yunikorn-core/pkg/scheduler/objects/application.go:2229.56,2231.17 2 1
github.com/apache/yunikorn-core/pkg/scheduler/objects/application.go:2231.17,2233.3 1 1
github.com/apache/yunikorn-core/pkg/scheduler/objects/application.go:2234.2,2235.16 2 1
github.com/apache/yunikorn-core/pkg/scheduler/objects/application.go:2235.16,2241.3 2 1
github.com/apache/yunikorn-core/pkg/scheduler/objects/application.go:2242.2,2242.18 1 1
github.com/apache/yunikorn-core/pkg/scheduler/objects/application.go:2245.76,2247.17 2 1
github.com/apache/yunikorn-core/pkg/scheduler/objects/application.go:2247.17,2249.3 1 1
github.com/apache/yunikorn-core/pkg/scheduler/objects/application.go:2251.2,2252.16 2 1
github.com/apache/yunikorn-core/pkg/scheduler/objects/application.go:2252.16,2257.3 1 1
github.com/apache/yunikorn-core/pkg/scheduler/objects/application.go:2257.8,2257.57 1 1
github.com/apache/yunikorn-core/pkg/scheduler/objects/application.go:2257.57,2261.3 2 1
github.com/apache/yunikorn-core/pkg/scheduler/objects/application.go:2263.2,2263.17 1 1
github.com/apache/yunikorn-core/pkg/scheduler/objects/application_state.go:54.44,56.2 1 1
github.com/apache/yunikorn-core/pkg/scheduler/objects/application_state.go:90.44,92.2 1 1
github.com/apache/yunikorn-core/pkg/scheduler/objects/application_state.go:94.29,134.2 1 1
github.com/apache/yunikorn-core/pkg/scheduler/objects/application_state.go:143.32,145.60 1 1
github.com/apache/yunikorn-core/pkg/scheduler/objects/application_state.go:145.60,154.28 4 1
github.com/apache/yunikorn-core/pkg/scheduler/objects/application_state.go:154.28,157.5 2 1
github.com/apache/yunikorn-core/pkg/scheduler/objects/application_state.go:157.10,159.5 1 1
github.com/apache/yunikorn-core/pkg/scheduler/objects/application_state.go:160.4,161.11 2 1
github.com/apache/yunikorn-core/pkg/scheduler/objects/application_state.go:161.11,165.5 2 0
github.com/apache/yunikorn-core/pkg/scheduler/objects/application_state.go:166.4,166.33 1 1
github.com/apache/yunikorn-core/pkg/scheduler/objects/application_state.go:166.33,168.5 1 1
github.com/apache/yunikorn-core/pkg/scheduler/objects/application_state.go:170.60,172.4 1 1
github.com/apache/yunikorn-core/pkg/scheduler/objects/application_state.go:173.84,177.4 2 1
github.com/apache/yunikorn-core/pkg/scheduler/objects/application_state.go:178.89,182.4 3 1
github.com/apache/yunikorn-core/pkg/scheduler/objects/application_state.go:183.89,187.4 2 1
github.com/apache/yunikorn-core/pkg/scheduler/objects/application_state.go:188.89,196.28 7 1
github.com/apache/yunikorn-core/pkg/scheduler/objects/application_state.go:196.28,198.5 1 1
github.com/apache/yunikorn-core/pkg/scheduler/objects/application_state.go:200.88,201.37 1 1
github.com/apache/yunikorn-core/pkg/scheduler/objects/application_state.go:201.37,207.5 5 1
github.com/apache/yunikorn-core/pkg/scheduler/objects/application_state.go:209.88,210.37 1 1
github.com/apache/yunikorn-core/pkg/scheduler/objects/application_state.go:210.37,215.5 4 1
github.com/apache/yunikorn-core/pkg/scheduler/objects/application_state.go:217.89,221.4 3 1
github.com/apache/yunikorn-core/pkg/scheduler/objects/application_state.go:222.89,226.4 3 1
github.com/apache/yunikorn-core/pkg/scheduler/objects/application_state.go:227.88,231.4 3 1
github.com/apache/yunikorn-core/pkg/scheduler/objects/application_state.go:232.88,236.4 3 1
github.com/apache/yunikorn-core/pkg/scheduler/objects/application_state.go:237.91,242.4 4 1
github.com/apache/yunikorn-core/pkg/scheduler/objects/application_state.go:243.91,247.4 3 1
github.com/apache/yunikorn-core/pkg/scheduler/objects/application_state.go:248.90,256.4 7 1
github.com/apache/yunikorn-core/pkg/scheduler/objects/application_state.go:257.87,264.4 6 1
github.com/apache/yunikorn-core/pkg/scheduler/objects/application_state.go:268.29,270.2 1 1
github.com/apache/yunikorn-core/pkg/scheduler/objects/application_summary.go:43.47,57.2 1 1
github.com/apache/yunikorn-core/pkg/scheduler/objects/application_summary.go:59.43,61.2 1 1
github.com/apache/yunikorn-core/pkg/scheduler/objects/node.go:65.40,67.18 1 1
github.com/apache/yunikorn-core/pkg/scheduler/objects/node.go:67.18,69.3 1 1
github.com/apache/yunikorn-core/pkg/scheduler/objects/node.go:71.2,85.16 5 1
github.com/apache/yunikorn-core/pkg/scheduler/objects/node.go:85.16,88.3 1 0
github.com/apache/yunikorn-core/pkg/scheduler/objects/node.go:90.2,92.11 2 1
github.com/apache/yunikorn-core/pkg/scheduler/objects/node.go:95.33,96.15 1 1
github.com/apache/yunikorn-core/pkg/scheduler/objects/node.go:96.15,98.3 1 1
github.com/apache/yunikorn-core/pkg/scheduler/objects/node.go:99.2,100.104 1 1
github.com/apache/yunikorn-core/pkg/scheduler/objects/node.go:105.70,109.29 2 1
github.com/apache/yunikorn-core/pkg/scheduler/objects/node.go:109.29,111.3 1 1
github.com/apache/yunikorn-core/pkg/scheduler/objects/node.go:113.2,115.54 3 1
github.com/apache/yunikorn-core/pkg/scheduler/objects/node.go:121.49,123.2 1 1
github.com/apache/yunikorn-core/pkg/scheduler/objects/node.go:125.51,127.2 1 1
github.com/apache/yunikorn-core/pkg/scheduler/objects/node.go:131.42,133.17 2 1
github.com/apache/yunikorn-core/pkg/scheduler/objects/node.go:133.17,135.3 1 1
github.com/apache/yunikorn-core/pkg/scheduler/objects/node.go:136.2,136.28 1 1
github.com/apache/yunikorn-core/pkg/scheduler/objects/node.go:142.47,146.35 4 0
github.com/apache/yunikorn-core/pkg/scheduler/objects/node.go:146.35,148.3 1 0
github.com/apache/yunikorn-core/pkg/scheduler/objects/node.go:149.2,149.13 1 0
github.com/apache/yunikorn-core/pkg/scheduler/objects/node.go:152.51,156.2 3 1
github.com/apache/yunikorn-core/pkg/scheduler/objects/node.go:160.82,162.15 2 1
github.com/apache/yunikorn-core/pkg/scheduler/objects/node.go:162.15,163.19 1 1
github.com/apache/yunikorn-core/pkg/scheduler/objects/node.go:163.19,165.4 1 1
github.com/apache/yunikorn-core/pkg/scheduler/objects/node.go:167.2,169.53 3 1
github.com/apache/yunikorn-core/pkg/scheduler/objects/node.go:169.53,172.3 2 0
github.com/apache/yunikorn-core/pkg/scheduler/objects/node.go:173.2,177.14 5 1
github.com/apache/yunikorn-core/pkg/scheduler/objects/node.go:180.59,184.2 3 1
github.com/apache/yunikorn-core/pkg/scheduler/objects/node.go:186.68,192.2 5 1
github.com/apache/yunikorn-core/pkg/scheduler/objects/node.go:194.75,198.61 4 1
github.com/apache/yunikorn-core/pkg/scheduler/objects/node.go:198.61,201.3 2 0
github.com/apache/yunikorn-core/pkg/scheduler/objects/node.go:202.2,204.31 3 1
github.com/apache/yunikorn-core/pkg/scheduler/objects/node.go:209.44,215.71 5 1
github.com/apache/yunikorn-core/pkg/scheduler/objects/node.go:215.71,221.3 1 1
github.com/apache/yunikorn-core/pkg/scheduler/objects/node.go:226.65,231.2 3 1
github.com/apache/yunikorn-core/pkg/scheduler/objects/node.go:234.56,238.2 3 1
github.com/apache/yunikorn-core/pkg/scheduler/objects/node.go:241.55,245.2 3 1
github.com/apache/yunikorn-core/pkg/scheduler/objects/node.go:247.60,249.35 2 1
github.com/apache/yunikorn-core/pkg/scheduler/objects/node.go:249.35,250.31 1 1
github.com/apache/yunikorn-core/pkg/scheduler/objects/node.go:250.31,252.4 1 1
github.com/apache/yunikorn-core/pkg/scheduler/objects/node.go:255.2,255.12 1 1
github.com/apache/yunikorn-core/pkg/scheduler/objects/node.go:261.50,267.2 5 1
github.com/apache/yunikorn-core/pkg/scheduler/objects/node.go:270.38,274.2 3 1
github.com/apache/yunikorn-core/pkg/scheduler/objects/node.go:277.60,281.2 3 1
github.com/apache/yunikorn-core/pkg/scheduler/objects/node.go:284.60,288.2 3 1
github.com/apache/yunikorn-core/pkg/scheduler/objects/node.go:292.84,296.2 3 1
github.com/apache/yunikorn-core/pkg/scheduler/objects/node.go:299.59,304.48 4 1
github.com/apache/yunikorn-core/pkg/scheduler/objects/node.go:304.48,305.32 1 1
github.com/apache/yunikorn-core/pkg/scheduler/objects/node.go:305.32,307.4 1 1
github.com/apache/yunikorn-core/pkg/scheduler/objects/node.go:309.2,309.57 1 1
github.com/apache/yunikorn-core/pkg/scheduler/objects/node.go:316.64,320.2 3 1
github.com/apache/yunikorn-core/pkg/scheduler/objects/node.go:326.68,328.15 2 1
github.com/apache/yunikorn-core/pkg/scheduler/objects/node.go:328.15,329.41 1 1
github.com/apache/yunikorn-core/pkg/scheduler/objects/node.go:329.41,331.4 1 1
github.com/apache/yunikorn-core/pkg/scheduler/objects/node.go:333.2,337.18 4 1
github.com/apache/yunikorn-core/pkg/scheduler/objects/node.go:337.18,339.24 2 1
github.com/apache/yunikorn-core/pkg/scheduler/objects/node.go:339.24,341.4 1 1
github.com/apache/yunikorn-core/pkg/scheduler/objects/node.go:341.9,344.4 2 1
github.com/apache/yunikorn-core/pkg/scheduler/objects/node.go:345.3,353.15 4 1
github.com/apache/yunikorn-core/pkg/scheduler/objects/node.go:356.2,356.12 1 1
github.com/apache/yunikorn-core/pkg/scheduler/objects/node.go:362.58,364.2 1 1
github.com/apache/yunikorn-core/pkg/scheduler/objects/node.go:369.50,371.2 1 1
github.com/apache/yunikorn-core/pkg/scheduler/objects/node.go:374.72,380.21 6 1
github.com/apache/yunikorn-core/pkg/scheduler/objects/node.go:380.21,384.3 2 1
github.com/apache/yunikorn-core/pkg/scheduler/objects/node.go:386.2,399.17 9 1
github.com/apache/yunikorn-core/pkg/scheduler/objects/node.go:402.75,403.18 1 1
github.com/apache/yunikorn-core/pkg/scheduler/objects/node.go:403.18,405.3 1 1
github.com/apache/yunikorn-core/pkg/scheduler/objects/node.go:406.2,408.15 3 1
github.com/apache/yunikorn-core/pkg/scheduler/objects/node.go:408.15,410.25 1 1
github.com/apache/yunikorn-core/pkg/scheduler/objects/node.go:410.25,412.4 1 1
github.com/apache/yunikorn-core/pkg/scheduler/objects/node.go:415.2,419.46 4 1
github.com/apache/yunikorn-core/pkg/scheduler/objects/node.go:419.46,421.14 2 1
github.com/apache/yunikorn-core/pkg/scheduler/objects/node.go:421.14,423.4 1 1
github.com/apache/yunikorn-core/pkg/scheduler/objects/node.go:423.9,425.4 1 1
github.com/apache/yunikorn-core/pkg/scheduler/objects/node.go:426.3,436.16 6 1
github.com/apache/yunikorn-core/pkg/scheduler/objects/node.go:438.2,439.15 2 1
github.com/apache/yunikorn-core/pkg/scheduler/objects/node.go:445.105,465.41 13 1
github.com/apache/yunikorn-core/pkg/scheduler/objects/node.go:465.41,470.3 1 0
github.com/apache/yunikorn-core/pkg/scheduler/objects/node.go:475.59,479.2 3 1
github.com/apache/yunikorn-core/pkg/scheduler/objects/node.go:482.62,484.2 1 1
github.com/apache/yunikorn-core/pkg/scheduler/objects/node.go:487.61,489.2 1 1
github.com/apache/yunikorn-core/pkg/scheduler/objects/node.go:497.69,500.73 2 1
github.com/apache/yunikorn-core/pkg/scheduler/objects/node.go:500.73,506.18 1 1
github.com/apache/yunikorn-core/pkg/scheduler/objects/node.go:506.18,516.4 4 1
github.com/apache/yunikorn-core/pkg/scheduler/objects/node.go:519.2,519.12 1 1
github.com/apache/yunikorn-core/pkg/scheduler/objects/node.go:524.86,526.45 1 1
github.com/apache/yunikorn-core/pkg/scheduler/objects/node.go:526.45,530.3 2 1
github.com/apache/yunikorn-core/pkg/scheduler/objects/node.go:532.2,532.21 1 1
github.com/apache/yunikorn-core/pkg/scheduler/objects/node.go:532.21,533.49 1 1
github.com/apache/yunikorn-core/pkg/scheduler/objects/node.go:533.49,538.4 2 1
github.com/apache/yunikorn-core/pkg/scheduler/objects/node.go:541.2,544.40 3 1
github.com/apache/yunikorn-core/pkg/scheduler/objects/node.go:548.35,552.2 3 1
github.com/apache/yunikorn-core/pkg/scheduler/objects/node.go:557.58,558.15 1 1
github.com/apache/yunikorn-core/pkg/scheduler/objects/node.go:558.15,560.3 1 1
github.com/apache/yunikorn-core/pkg/scheduler/objects/node.go:561.2,563.36 3 1
github.com/apache/yunikorn-core/pkg/scheduler/objects/node.go:569.66,574.27 4 1
github.com/apache/yunikorn-core/pkg/scheduler/objects/node.go:574.27,580.3 2 1
github.com/apache/yunikorn-core/pkg/scheduler/objects/node.go:581.2,582.42 2 1
github.com/apache/yunikorn-core/pkg/scheduler/objects/node.go:582.42,588.3 2 1
github.com/apache/yunikorn-core/pkg/scheduler/objects/node.go:590.2,590.13 1 1
github.com/apache/yunikorn-core/pkg/scheduler/objects/node.go:590.13,592.44 1 1
github.com/apache/yunikorn-core/pkg/scheduler/objects/node.go:592.44,593.41 1 1
github.com/apache/yunikorn-core/pkg/scheduler/objects/node.go:593.41,601.5 2 1
github.com/apache/yunikorn-core/pkg/scheduler/objects/node.go:605.2,605.57 1 1
github.com/apache/yunikorn-core/pkg/scheduler/objects/node.go:605.57,612.3 2 1
github.com/apache/yunikorn-core/pkg/scheduler/objects/node.go:613.2,616.12 3 1
github.com/apache/yunikorn-core/pkg/scheduler/objects/node.go:622.50,623.18 1 1
github.com/apache/yunikorn-core/pkg/scheduler/objects/node.go:623.18,625.3 1 1
github.com/apache/yunikorn-core/pkg/scheduler/objects/node.go:626.2,628.55 3 1
github.com/apache/yunikorn-core/pkg/scheduler/objects/node.go:628.55,632.3 3 1
github.com/apache/yunikorn-core/pkg/scheduler/objects/node.go:634.2,638.10 2 1
github.com/apache/yunikorn-core/pkg/scheduler/objects/node.go:642.50,646.30 4 1
github.com/apache/yunikorn-core/pkg/scheduler/objects/node.go:646.30,647.37 1 1
github.com/apache/yunikorn-core/pkg/scheduler/objects/node.go:647.37,649.4 1 1
github.com/apache/yunikorn-core/pkg/scheduler/objects/node.go:651.2,651.12 1 1
github.com/apache/yunikorn-core/pkg/scheduler/objects/node.go:655.61,659.29 4 1
github.com/apache/yunikorn-core/pkg/scheduler/objects/node.go:659.29,662.3 1 0
github.com/apache/yunikorn-core/pkg/scheduler/objects/node.go:663.2,663.47 1 1
github.com/apache/yunikorn-core/pkg/scheduler/objects/node.go:663.47,665.3 1 1
github.com/apache/yunikorn-core/pkg/scheduler/objects/node.go:666.2,666.12 1 1
github.com/apache/yunikorn-core/pkg/scheduler/objects/node.go:669.52,673.2 3 1
github.com/apache/yunikorn-core/pkg/scheduler/objects/node.go:675.55,680.37 4 1
github.com/apache/yunikorn-core/pkg/scheduler/objects/node.go:680.37,681.24 1 1
github.com/apache/yunikorn-core/pkg/scheduler/objects/node.go:681.24,682.12 1 1
github.com/apache/yunikorn-core/pkg/scheduler/objects/node.go:684.3,684.45 1 0
github.com/apache/yunikorn-core/pkg/scheduler/objects/node.go:686.2,686.29 1 1
github.com/apache/yunikorn-core/pkg/scheduler/objects/node.go:690.35,691.45 1 1
github.com/apache/yunikorn-core/pkg/scheduler/objects/node.go:691.45,693.3 1 1
github.com/apache/yunikorn-core/pkg/scheduler/objects/node.go:696.47,702.2 5 1
github.com/apache/yunikorn-core/pkg/scheduler/objects/node.go:704.38,708.2 3 1
github.com/apache/yunikorn-core/pkg/scheduler/objects/node.go:710.40,712.2 1 1
github.com/apache/yunikorn-core/pkg/scheduler/objects/node_collection.go:32.46,34.2 1 1
github.com/apache/yunikorn-core/pkg/scheduler/objects/node_collection.go:36.39,38.2 1 1
github.com/apache/yunikorn-core/pkg/scheduler/objects/node_collection.go:59.46,61.9 2 1
github.com/apache/yunikorn-core/pkg/scheduler/objects/node_collection.go:61.9,63.3 1 0
github.com/apache/yunikorn-core/pkg/scheduler/objects/node_collection.go:64.2,64.36 1 1
github.com/apache/yunikorn-core/pkg/scheduler/objects/node_collection.go:64.36,66.3 1 1
github.com/apache/yunikorn-core/pkg/scheduler/objects/node_collection.go:67.2,67.36 1 1
github.com/apache/yunikorn-core/pkg/scheduler/objects/node_collection.go:67.36,69.3 1 1
github.com/apache/yunikorn-core/pkg/scheduler/objects/node_collection.go:70.2,70.43 1 1
github.com/apache/yunikorn-core/pkg/scheduler/objects/node_collection.go:87.61,88.19 1 1
github.com/apache/yunikorn-core/pkg/scheduler/objects/node_collection.go:88.19,90.3 1 0
github.com/apache/yunikorn-core/pkg/scheduler/objects/node_collection.go:91.2,91.31 1 1
github.com/apache/yunikorn-core/pkg/scheduler/objects/node_collection.go:95.57,99.17 3 1
github.com/apache/yunikorn-core/pkg/scheduler/objects/node_collection.go:99.17,101.3 1 1
github.com/apache/yunikorn-core/pkg/scheduler/objects/node_collection.go:102.2,102.34 1 1
github.com/apache/yunikorn-core/pkg/scheduler/objects/node_collection.go:102.34,104.3 1 1
github.com/apache/yunikorn-core/pkg/scheduler/objects/node_collection.go:106.2,113.12 5 1
github.com/apache/yunikorn-core/pkg/scheduler/objects/node_collection.go:117.63,121.17 4 1
github.com/apache/yunikorn-core/pkg/scheduler/objects/node_collection.go:121.17,126.3 2 1
github.com/apache/yunikorn-core/pkg/scheduler/objects/node_collection.go:129.2,133.18 4 1
github.com/apache/yunikorn-core/pkg/scheduler/objects/node_collection.go:137.60,141.17 4 1
github.com/apache/yunikorn-core/pkg/scheduler/objects/node_collection.go:141.17,143.3 1 1
github.com/apache/yunikorn-core/pkg/scheduler/objects/node_collection.go:144.2,144.18 1 1
github.com/apache/yunikorn-core/pkg/scheduler/objects/node_collection.go:148.50,152.2 3 1
github.com/apache/yunikorn-core/pkg/scheduler/objects/node_collection.go:155.50,159.32 4 1
github.com/apache/yunikorn-core/pkg/scheduler/objects/node_collection.go:159.32,161.3 1 1
github.com/apache/yunikorn-core/pkg/scheduler/objects/node_collection.go:162.2,162.14 1 1
github.com/apache/yunikorn-core/pkg/scheduler/objects/node_collection.go:167.62,169.2 1 1
github.com/apache/yunikorn-core/pkg/scheduler/objects/node_collection.go:173.66,175.2 1 1
github.com/apache/yunikorn-core/pkg/scheduler/objects/node_collection.go:177.63,182.2 3 1
github.com/apache/yunikorn-core/pkg/scheduler/objects/node_collection.go:185.78,192.32 5 1
github.com/apache/yunikorn-core/pkg/scheduler/objects/node_collection.go:192.32,196.3 3 1
github.com/apache/yunikorn-core/pkg/scheduler/objects/node_collection.go:200.72,204.2 3 1
github.com/apache/yunikorn-core/pkg/scheduler/objects/node_collection.go:207.55,212.17 4 1
github.com/apache/yunikorn-core/pkg/scheduler/objects/node_collection.go:212.17,214.3 1 0
github.com/apache/yunikorn-core/pkg/scheduler/objects/node_collection.go:216.2,217.36 2 1
github.com/apache/yunikorn-core/pkg/scheduler/objects/node_collection.go:217.36,221.3 3 1
github.com/apache/yunikorn-core/pkg/scheduler/objects/node_collection.go:225.57,240.2 6 1
github.com/apache/yunikorn-core/pkg/scheduler/objects/node_iterator.go:38.57,39.49 1 1
github.com/apache/yunikorn-core/pkg/scheduler/objects/node_iterator.go:39.49,41.22 2 1
github.com/apache/yunikorn-core/pkg/scheduler/objects/node_iterator.go:41.22,43.4 1 1
github.com/apache/yunikorn-core/pkg/scheduler/objects/node_iterator.go:45.3,45.14 1 1
github.com/apache/yunikorn-core/pkg/scheduler/objects/node_iterator.go:49.90,55.2 2 1
github.com/apache/yunikorn-core/pkg/scheduler/objects/nodesorting.go:44.72,46.2 1 1
github.com/apache/yunikorn-core/pkg/scheduler/objects/nodesorting.go:48.70,50.2 1 1
github.com/apache/yunikorn-core/pkg/scheduler/objects/nodesorting.go:52.72,57.27 4 1
github.com/apache/yunikorn-core/pkg/scheduler/objects/nodesorting.go:57.27,59.37 2 1
github.com/apache/yunikorn-core/pkg/scheduler/objects/nodesorting.go:59.37,60.12 1 1
github.com/apache/yunikorn-core/pkg/scheduler/objects/nodesorting.go:62.3,62.20 1 1
github.com/apache/yunikorn-core/pkg/scheduler/objects/nodesorting.go:62.20,63.12 1 1
github.com/apache/yunikorn-core/pkg/scheduler/objects/nodesorting.go:65.3,66.24 2 1
github.com/apache/yunikorn-core/pkg/scheduler/objects/nodesorting.go:69.2,71.31 2 1
github.com/apache/yunikorn-core/pkg/scheduler/objects/nodesorting.go:71.31,73.3 1 1
github.com/apache/yunikorn-core/pkg/scheduler/objects/nodesorting.go:73.8,75.3 1 1
github.com/apache/yunikorn-core/pkg/scheduler/objects/nodesorting.go:76.2,76.15 1 1
github.com/apache/yunikorn-core/pkg/scheduler/objects/nodesorting.go:79.68,82.2 1 1
github.com/apache/yunikorn-core/pkg/scheduler/objects/nodesorting.go:84.66,87.2 1 1
github.com/apache/yunikorn-core/pkg/scheduler/objects/nodesorting.go:89.65,91.27 2 1
github.com/apache/yunikorn-core/pkg/scheduler/objects/nodesorting.go:91.27,93.3 1 1
github.com/apache/yunikorn-core/pkg/scheduler/objects/nodesorting.go:94.2,94.16 1 1
github.com/apache/yunikorn-core/pkg/scheduler/objects/nodesorting.go:97.75,99.2 1 1
github.com/apache/yunikorn-core/pkg/scheduler/objects/nodesorting.go:101.73,103.2 1 1
github.com/apache/yunikorn-core/pkg/scheduler/objects/nodesorting.go:106.50,111.2 4 1
github.com/apache/yunikorn-core/pkg/scheduler/objects/nodesorting.go:113.100,115.16 2 1
github.com/apache/yunikorn-core/pkg/scheduler/objects/nodesorting.go:115.16,118.3 1 1
github.com/apache/yunikorn-core/pkg/scheduler/objects/nodesorting.go:119.2,120.23 2 1
github.com/apache/yunikorn-core/pkg/scheduler/objects/nodesorting.go:120.23,122.3 1 1
github.com/apache/yunikorn-core/pkg/scheduler/objects/nodesorting.go:124.2,125.15 2 1
github.com/apache/yunikorn-core/pkg/scheduler/objects/nodesorting.go:126.33,129.4 1 1
github.com/apache/yunikorn-core/pkg/scheduler/objects/nodesorting.go:130.31,133.4 1 1
github.com/apache/yunikorn-core/pkg/scheduler/objects/nodesorting.go:136.2,138.11 2 1
github.com/apache/yunikorn-core/pkg/scheduler/objects/object_state.go:42.39,44.2 1 1
github.com/apache/yunikorn-core/pkg/scheduler/objects/object_state.go:58.39,60.2 1 1
github.com/apache/yunikorn-core/pkg/scheduler/objects/object_state.go:62.32,80.61 1 1
github.com/apache/yunikorn-core/pkg/scheduler/objects/object_state.go:80.61,86.5 1 1
github.com/apache/yunikorn-core/pkg/scheduler/objects/preemption.go:78.174,89.2 1 1
github.com/apache/yunikorn-core/pkg/scheduler/objects/preemption.go:93.47,97.34 2 1
github.com/apache/yunikorn-core/pkg/scheduler/objects/preemption.go:97.34,99.3 1 1
github.com/apache/yunikorn-core/pkg/scheduler/objects/preemption.go:102.2,102.36 1 1
github.com/apache/yunikorn-core/pkg/scheduler/objects/preemption.go:102.36,104.3 1 1
github.com/apache/yunikorn-core/pkg/scheduler/objects/preemption.go:107.2,107.35 1 1
github.com/apache/yunikorn-core/pkg/scheduler/objects/preemption.go:107.35,109.3 1 1
github.com/apache/yunikorn-core/pkg/scheduler/objects/preemption.go:112.2,112.62 1 1
github.com/apache/yunikorn-core/pkg/scheduler/objects/preemption.go:112.62,114.3 1 1
github.com/apache/yunikorn-core/pkg/scheduler/objects/preemption.go:117.2,117.74 1 1
github.com/apache/yunikorn-core/pkg/scheduler/objects/preemption.go:117.74,119.3 1 1
github.com/apache/yunikorn-core/pkg/scheduler/objects/preemption.go:122.2,124.13 2 1
github.com/apache/yunikorn-core/pkg/scheduler/objects/preemption.go:128.42,129.33 1 1
github.com/apache/yunikorn-core/pkg/scheduler/objects/preemption.go:129.33,131.3 1 1
github.com/apache/yunikorn-core/pkg/scheduler/objects/preemption.go:133.2,133.82 1 1
github.com/apache/yunikorn-core/pkg/scheduler/objects/preemption.go:137.40,139.31 1 1
github.com/apache/yunikorn-core/pkg/scheduler/objects/preemption.go:139.31,141.3 1 0
github.com/apache/yunikorn-core/pkg/scheduler/objects/preemption.go:144.2,151.47 5 1
github.com/apache/yunikorn-core/pkg/scheduler/objects/preemption.go:151.47,152.55 1 1
github.com/apache/yunikorn-core/pkg/scheduler/objects/preemption.go:152.55,155.11 3 1
github.com/apache/yunikorn-core/pkg/scheduler/objects/preemption.go:155.11,157.5 1 1
github.com/apache/yunikorn-core/pkg/scheduler/objects/preemption.go:158.4,159.57 2 1
github.com/apache/yunikorn-core/pkg/scheduler/objects/preemption.go:164.2,164.47 1 1
github.com/apache/yunikorn-core/pkg/scheduler/objects/preemption.go:164.47,165.159 1 1
github.com/apache/yunikorn-core/pkg/scheduler/objects/preemption.go:165.159,168.4 1 1
github.com/apache/yunikorn-core/pkg/scheduler/objects/preemption.go:168.9,171.4 1 1
github.com/apache/yunikorn-core/pkg/scheduler/objects/preemption.go:172.3,172.14 1 1
github.com/apache/yunikorn-core/pkg/scheduler/objects/preemption.go:176.2,180.39 4 1
github.com/apache/yunikorn-core/pkg/scheduler/objects/preemption.go:184.59,189.9 4 1
github.com/apache/yunikorn-core/pkg/scheduler/objects/preemption.go:189.9,193.3 2 0
github.com/apache/yunikorn-core/pkg/scheduler/objects/preemption.go:195.2,198.34 2 1
github.com/apache/yunikorn-core/pkg/scheduler/objects/preemption.go:198.34,199.51 1 1
github.com/apache/yunikorn-core/pkg/scheduler/objects/preemption.go:199.51,202.92 3 1
github.com/apache/yunikorn-core/pkg/scheduler/objects/preemption.go:202.92,204.5 1 1
github.com/apache/yunikorn-core/pkg/scheduler/objects/preemption.go:207.2,207.14 1 1
github.com/apache/yunikorn-core/pkg/scheduler/objects/preemption.go:215.132,220.62 2 1
github.com/apache/yunikorn-core/pkg/scheduler/objects/preemption.go:220.62,223.3 1 1
github.com/apache/yunikorn-core/pkg/scheduler/objects/preemption.go:225.2,228.9 3 1
github.com/apache/yunikorn-core/pkg/scheduler/objects/preemption.go:228.9,231.3 2 0
github.com/apache/yunikorn-core/pkg/scheduler/objects/preemption.go:238.2,240.42 3 1
github.com/apache/yunikorn-core/pkg/scheduler/objects/preemption.go:240.42,242.62 1 1
github.com/apache/yunikorn-core/pkg/scheduler/objects/preemption.go:242.62,243.71 1 1
github.com/apache/yunikorn-core/pkg/scheduler/objects/preemption.go:243.71,256.91 4 1
github.com/apache/yunikorn-core/pkg/scheduler/objects/preemption.go:256.91,262.108 3 1
github.com/apache/yunikorn-core/pkg/scheduler/objects/preemption.go:262.108,265.12 3 1
github.com/apache/yunikorn-core/pkg/scheduler/objects/preemption.go:269.6,272.58 4 1
github.com/apache/yunikorn-core/pkg/scheduler/objects/preemption.go:272.58,277.7 3 0
github.com/apache/yunikorn-core/pkg/scheduler/objects/preemption.go:277.12,281.7 2 1
github.com/apache/yunikorn-core/pkg/scheduler/objects/preemption.go:282.11,285.6 1 1
github.com/apache/yunikorn-core/pkg/scheduler/objects/preemption.go:290.2,291.20 2 1
github.com/apache/yunikorn-core/pkg/scheduler/objects/preemption.go:291.20,293.3 1 0
github.com/apache/yunikorn-core/pkg/scheduler/objects/preemption.go:296.2,301.10 4 1
github.com/apache/yunikorn-core/pkg/scheduler/objects/preemption.go:301.10,304.3 2 0
github.com/apache/yunikorn-core/pkg/scheduler/objects/preemption.go:310.2,312.30 3 1
github.com/apache/yunikorn-core/pkg/scheduler/objects/preemption.go:312.30,314.62 1 1
github.com/apache/yunikorn-core/pkg/scheduler/objects/preemption.go:314.62,315.71 1 1
github.com/apache/yunikorn-core/pkg/scheduler/objects/preemption.go:315.71,326.91 4 1
github.com/apache/yunikorn-core/pkg/scheduler/objects/preemption.go:326.91,330.79 2 1
github.com/apache/yunikorn-core/pkg/scheduler/objects/preemption.go:330.79,332.7 1 1
github.com/apache/yunikorn-core/pkg/scheduler/objects/preemption.go:334.6,334.39 1 1
github.com/apache/yunikorn-core/pkg/scheduler/objects/preemption.go:335.11,338.6 1 0
github.com/apache/yunikorn-core/pkg/scheduler/objects/preemption.go:344.2,344.15 1 1
github.com/apache/yunikorn-core/pkg/scheduler/objects/preemption.go:344.15,346.3 1 0
[...]
github.com/apache/yunikorn-core/pkg/scheduler/objects/queue.go:1689.51,1691.3 1 1
github.com/apache/yunikorn-core/pkg/scheduler/objects/queue.go:1695.49,1696.41 1 1
github.com/apache/yunikorn-core/pkg/scheduler/objects/queue.go:1696.41,1698.3 1 1
github.com/apache/yunikorn-core/pkg/scheduler/objects/queue.go:1702.52,1703.52 1 1
github.com/apache/yunikorn-core/pkg/scheduler/objects/queue.go:1703.52,1705.3 1 1
github.com/apache/yunikorn-core/pkg/scheduler/objects/queue.go:1708.34,1710.2 1 1
github.com/apache/yunikorn-core/pkg/scheduler/objects/queue.go:1712.34,1717.2 3 0
github.com/apache/yunikorn-core/pkg/scheduler/objects/queue.go:1722.47,1723.15 1 1
github.com/apache/yunikorn-core/pkg/scheduler/objects/queue.go:1723.15,1725.3 1 1
github.com/apache/yunikorn-core/pkg/scheduler/objects/queue.go:1726.2,1726.22 1 1
github.com/apache/yunikorn-core/pkg/scheduler/objects/queue.go:1726.22,1728.3 1 1
github.com/apache/yunikorn-core/pkg/scheduler/objects/queue.go:1729.2,1734.65 5 1
github.com/apache/yunikorn-core/pkg/scheduler/objects/queue.go:1734.65,1738.3 2 1
github.com/apache/yunikorn-core/pkg/scheduler/objects/queue.go:1744.35,1745.15 1 1
github.com/apache/yunikorn-core/pkg/scheduler/objects/queue.go:1745.15,1747.3 1 1
github.com/apache/yunikorn-core/pkg/scheduler/objects/queue.go:1748.2,1748.22 1 1
github.com/apache/yunikorn-core/pkg/scheduler/objects/queue.go:1748.22,1750.3 1 1
github.com/apache/yunikorn-core/pkg/scheduler/objects/queue.go:1751.2,1754.24 3 1
github.com/apache/yunikorn-core/pkg/scheduler/objects/queue.go:1754.24,1756.3 1 1
github.com/apache/yunikorn-core/pkg/scheduler/objects/queue.go:1756.8,1759.3 1 1
github.com/apache/yunikorn-core/pkg/scheduler/objects/queue.go:1765.54,1766.15 1 1
github.com/apache/yunikorn-core/pkg/scheduler/objects/queue.go:1766.15,1768.3 1 1
github.com/apache/yunikorn-core/pkg/scheduler/objects/queue.go:1769.2,1769.22 1 1
github.com/apache/yunikorn-core/pkg/scheduler/objects/queue.go:1769.22,1771.3 1 1
github.com/apache/yunikorn-core/pkg/scheduler/objects/queue.go:1772.2,1774.41 3 1
github.com/apache/yunikorn-core/pkg/scheduler/objects/queue.go:1777.66,1781.2 3 1
github.com/apache/yunikorn-core/pkg/scheduler/objects/queue.go:1787.119,1793.18 4 1
github.com/apache/yunikorn-core/pkg/scheduler/objects/queue.go:1793.18,1795.3 1 0
github.com/apache/yunikorn-core/pkg/scheduler/objects/queue.go:1798.2,1799.9 2 1
github.com/apache/yunikorn-core/pkg/scheduler/objects/queue.go:1799.9,1803.3 2 0
github.com/apache/yunikorn-core/pkg/scheduler/objects/queue.go:1806.2,1809.22 3 1
github.com/apache/yunikorn-core/pkg/scheduler/objects/queue.go:1809.22,1812.3 2 1
github.com/apache/yunikorn-core/pkg/scheduler/objects/queue.go:1815.2,1817.16 2 1
github.com/apache/yunikorn-core/pkg/scheduler/objects/queue.go:1821.132,1822.15 1 1
github.com/apache/yunikorn-core/pkg/scheduler/objects/queue.go:1822.15,1824.3 1 1
github.com/apache/yunikorn-core/pkg/scheduler/objects/queue.go:1825.2,1826.8 2 1
github.com/apache/yunikorn-core/pkg/scheduler/objects/queue.go:1826.8,1829.3 1 1
github.com/apache/yunikorn-core/pkg/scheduler/objects/queue.go:1831.2,1846.17 6 1
github.com/apache/yunikorn-core/pkg/scheduler/objects/queue.go:1849.190,1850.15 1 1
github.com/apache/yunikorn-core/pkg/scheduler/objects/queue.go:1850.15,1852.3 1 0
github.com/apache/yunikorn-core/pkg/scheduler/objects/queue.go:1853.2,1853.36 1 1
github.com/apache/yunikorn-core/pkg/scheduler/objects/queue.go:1853.36,1855.3 1 1
github.com/apache/yunikorn-core/pkg/scheduler/objects/queue.go:1856.2,1856.22 1 1
github.com/apache/yunikorn-core/pkg/scheduler/objects/queue.go:1856.22,1858.68 1 1
github.com/apache/yunikorn-core/pkg/scheduler/objects/queue.go:1858.68,1860.4 1 1
github.com/apache/yunikorn-core/pkg/scheduler/objects/queue.go:1862.3,1866.91 3 1
github.com/apache/yunikorn-core/pkg/scheduler/objects/queue.go:1866.91,1868.4 1 1
github.com/apache/yunikorn-core/pkg/scheduler/objects/queue.go:1871.3,1871.42 1 1
github.com/apache/yunikorn-core/pkg/scheduler/objects/queue.go:1871.42,1872.50 1 1
github.com/apache/yunikorn-core/pkg/scheduler/objects/queue.go:1872.50,1874.75 1 1
github.com/apache/yunikorn-core/pkg/scheduler/objects/queue.go:1874.75,1875.14 1 1
github.com/apache/yunikorn-core/pkg/scheduler/objects/queue.go:1879.5,1879.38 1 1
github.com/apache/yunikorn-core/pkg/scheduler/objects/queue.go:1879.38,1880.14 1 1
github.com/apache/yunikorn-core/pkg/scheduler/objects/queue.go:1884.5,1884.27 1 1
github.com/apache/yunikorn-core/pkg/scheduler/objects/queue.go:1884.27,1885.14 1 1
github.com/apache/yunikorn-core/pkg/scheduler/objects/queue.go:1889.5,1889.28 1 1
github.com/apache/yunikorn-core/pkg/scheduler/objects/queue.go:1889.28,1890.14 1 1
github.com/apache/yunikorn-core/pkg/scheduler/objects/queue.go:1895.5,1895.60 1 1
github.com/apache/yunikorn-core/pkg/scheduler/objects/queue.go:1895.60,1897.6 1 1
github.com/apache/yunikorn-core/pkg/scheduler/objects/queue.go:1902.3,1902.41 1 1
github.com/apache/yunikorn-core/pkg/scheduler/objects/queue.go:1902.41,1904.4 1 1
github.com/apache/yunikorn-core/pkg/scheduler/objects/queue.go:1905.8,1907.48 1 1
github.com/apache/yunikorn-core/pkg/scheduler/objects/queue.go:1907.48,1910.11 3 1
github.com/apache/yunikorn-core/pkg/scheduler/objects/queue.go:1910.11,1913.47 2 1
github.com/apache/yunikorn-core/pkg/scheduler/objects/queue.go:1913.47,1915.37 1 1
github.com/apache/yunikorn-core/pkg/scheduler/objects/queue.go:1915.37,1916.15 1 1
github.com/apache/yunikorn-core/pkg/scheduler/objects/queue.go:1920.6,1921.33 2 1
github.com/apache/yunikorn-core/pkg/scheduler/objects/queue.go:1922.11,1925.6 1 1
github.com/apache/yunikorn-core/pkg/scheduler/objects/queue.go:1929.4,1929.115 1 1
github.com/apache/yunikorn-core/pkg/scheduler/objects/queue.go:1934.102,1935.15 1 1
github.com/apache/yunikorn-core/pkg/scheduler/objects/queue.go:1935.15,1937.3 1 0
github.com/apache/yunikorn-core/pkg/scheduler/objects/queue.go:1938.2,1939.16 2 1
github.com/apache/yunikorn-core/pkg/scheduler/objects/queue.go:1940.36,1941.34 1 1
github.com/apache/yunikorn-core/pkg/scheduler/objects/queue.go:1942.10,1943.35 1 1
github.com/apache/yunikorn-core/pkg/scheduler/objects/queue.go:1945.2,1948.142 2 1
github.com/apache/yunikorn-core/pkg/scheduler/objects/queue.go:1948.142,1950.3 1 1
github.com/apache/yunikorn-core/pkg/scheduler/objects/queue.go:1951.2,1951.72 1 1
github.com/apache/yunikorn-core/pkg/scheduler/objects/queue.go:1954.45,1958.2 3 1
github.com/apache/yunikorn-core/pkg/scheduler/objects/queue.go:1960.45,1962.2 1 1
github.com/apache/yunikorn-core/pkg/scheduler/objects/queue.go:1964.80,1968.2 3 1
github.com/apache/yunikorn-core/pkg/scheduler/objects/queue.go:1970.96,1972.37 1 1
github.com/apache/yunikorn-core/pkg/scheduler/objects/queue.go:1972.37,1974.3 1 1
github.com/apache/yunikorn-core/pkg/scheduler/objects/queue.go:1976.2,1976.16 1 1
github.com/apache/yunikorn-core/pkg/scheduler/objects/queue.go:1977.36,1978.16 1 1
github.com/apache/yunikorn-core/pkg/scheduler/objects/queue.go:1979.10,1982.42 2 1
github.com/apache/yunikorn-core/pkg/scheduler/objects/queue.go:1982.42,1984.4 1 0
github.com/apache/yunikorn-core/pkg/scheduler/objects/queue.go:1985.3,1985.42 1 1
github.com/apache/yunikorn-core/pkg/scheduler/objects/queue.go:1985.42,1987.4 1 0
github.com/apache/yunikorn-core/pkg/scheduler/objects/queue.go:1988.3,1988.23 1 1
github.com/apache/yunikorn-core/pkg/scheduler/objects/queue.go:1992.82,1993.36 1 1
github.com/apache/yunikorn-core/pkg/scheduler/objects/queue.go:1993.36,1995.3 1 1
github.com/apache/yunikorn-core/pkg/scheduler/objects/queue.go:1996.2,1997.47 2 1
github.com/apache/yunikorn-core/pkg/scheduler/objects/queue.go:2000.96,2004.50 3 1
github.com/apache/yunikorn-core/pkg/scheduler/objects/queue.go:2004.50,2007.3 2 1
github.com/apache/yunikorn-core/pkg/scheduler/objects/queue.go:2009.2,2010.33 2 1
github.com/apache/yunikorn-core/pkg/scheduler/objects/queue.go:2013.72,2014.35 1 1
github.com/apache/yunikorn-core/pkg/scheduler/objects/queue.go:2014.35,2016.3 1 1
github.com/apache/yunikorn-core/pkg/scheduler/objects/queue.go:2017.2,2018.47 2 1
github.com/apache/yunikorn-core/pkg/scheduler/objects/queue.go:2021.86,2025.42 3 1
github.com/apache/yunikorn-core/pkg/scheduler/objects/queue.go:2025.42,2028.3 2 0
github.com/apache/yunikorn-core/pkg/scheduler/objects/queue.go:2030.2,2031.33 2 1
github.com/apache/yunikorn-core/pkg/scheduler/objects/queue.go:2034.46,2036.15 2 1
github.com/apache/yunikorn-core/pkg/scheduler/objects/queue.go:2036.15,2038.3 1 1
github.com/apache/yunikorn-core/pkg/scheduler/objects/queue.go:2038.8,2040.3 1 1
github.com/apache/yunikorn-core/pkg/scheduler/objects/queue.go:2042.2,2043.26 2 1
github.com/apache/yunikorn-core/pkg/scheduler/objects/queue.go:2043.26,2045.3 1 1
github.com/apache/yunikorn-core/pkg/scheduler/objects/queue.go:2046.2,2047.74 2 1
github.com/apache/yunikorn-core/pkg/scheduler/objects/required_node_preemptor.go:33.87,40.2 2 1
github.com/apache/yunikorn-core/pkg/scheduler/objects/required_node_preemptor.go:42.49,43.61 1 1
github.com/apache/yunikorn-core/pkg/scheduler/objects/required_node_preemptor.go:43.61,45.99 1 1
github.com/apache/yunikorn-core/pkg/scheduler/objects/required_node_preemptor.go:45.99,46.12 1 1
github.com/apache/yunikorn-core/pkg/scheduler/objects/required_node_preemptor.go:50.3,50.31 1 1
github.com/apache/yunikorn-core/pkg/scheduler/objects/required_node_preemptor.go:50.31,51.12 1 1
github.com/apache/yunikorn-core/pkg/scheduler/objects/required_node_preemptor.go:55.3,56.65 2 1
github.com/apache/yunikorn-core/pkg/scheduler/objects/required_node_preemptor.go:56.65,57.67 1 1
github.com/apache/yunikorn-core/pkg/scheduler/objects/required_node_preemptor.go:57.67,59.10 2 1
github.com/apache/yunikorn-core/pkg/scheduler/objects/required_node_preemptor.go:62.3,62.24 1 1
github.com/apache/yunikorn-core/pkg/scheduler/objects/required_node_preemptor.go:62.24,64.4 1 1
github.com/apache/yunikorn-core/pkg/scheduler/objects/required_node_preemptor.go:73.47,74.54 1 1
github.com/apache/yunikorn-core/pkg/scheduler/objects/required_node_preemptor.go:74.54,80.23 4 1
github.com/apache/yunikorn-core/pkg/scheduler/objects/required_node_preemptor.go:80.23,82.4 1 1
github.com/apache/yunikorn-core/pkg/scheduler/objects/required_node_preemptor.go:82.9,82.37 1 1
github.com/apache/yunikorn-core/pkg/scheduler/objects/required_node_preemptor.go:82.37,84.4 1 1
github.com/apache/yunikorn-core/pkg/scheduler/objects/required_node_preemptor.go:85.3,86.23 2 1
github.com/apache/yunikorn-core/pkg/scheduler/objects/required_node_preemptor.go:86.23,88.4 1 1
github.com/apache/yunikorn-core/pkg/scheduler/objects/required_node_preemptor.go:88.9,88.37 1 1
github.com/apache/yunikorn-core/pkg/scheduler/objects/required_node_preemptor.go:88.37,90.4 1 1
github.com/apache/yunikorn-core/pkg/scheduler/objects/required_node_preemptor.go:91.3,91.26 1 1
github.com/apache/yunikorn-core/pkg/scheduler/objects/required_node_preemptor.go:91.26,93.4 1 1
github.com/apache/yunikorn-core/pkg/scheduler/objects/required_node_preemptor.go:94.3,94.26 1 1
github.com/apache/yunikorn-core/pkg/scheduler/objects/required_node_preemptor.go:94.26,96.4 1 1
github.com/apache/yunikorn-core/pkg/scheduler/objects/required_node_preemptor.go:99.3,101.28 3 1
github.com/apache/yunikorn-core/pkg/scheduler/objects/required_node_preemptor.go:101.28,103.4 1 1
github.com/apache/yunikorn-core/pkg/scheduler/objects/required_node_preemptor.go:104.3,104.28 1 1
github.com/apache/yunikorn-core/pkg/scheduler/objects/required_node_preemptor.go:104.28,106.4 1 1
github.com/apache/yunikorn-core/pkg/scheduler/objects/required_node_preemptor.go:109.3,109.50 1 1
github.com/apache/yunikorn-core/pkg/scheduler/objects/required_node_preemptor.go:109.50,111.4 1 1
github.com/apache/yunikorn-core/pkg/scheduler/objects/required_node_preemptor.go:114.3,116.46 3 1
github.com/apache/yunikorn-core/pkg/scheduler/objects/required_node_preemptor.go:116.46,119.4 2 1
github.com/apache/yunikorn-core/pkg/scheduler/objects/required_node_preemptor.go:120.3,120.14 1 0
github.com/apache/yunikorn-core/pkg/scheduler/objects/required_node_preemptor.go:124.56,127.43 3 1
github.com/apache/yunikorn-core/pkg/scheduler/objects/required_node_preemptor.go:127.43,128.100 1 1
github.com/apache/yunikorn-core/pkg/scheduler/objects/required_node_preemptor.go:128.100,131.4 2 1
github.com/apache/yunikorn-core/pkg/scheduler/objects/required_node_preemptor.go:131.9,132.9 1 1
github.com/apache/yunikorn-core/pkg/scheduler/objects/required_node_preemptor.go:137.2,138.104 1 1
github.com/apache/yunikorn-core/pkg/scheduler/objects/required_node_preemptor.go:138.104,140.3 1 1
github.com/apache/yunikorn-core/pkg/scheduler/objects/required_node_preemptor.go:141.2,141.12 1 1
github.com/apache/yunikorn-core/pkg/scheduler/objects/required_node_preemptor.go:145.60,147.2 1 1
github.com/apache/yunikorn-core/pkg/scheduler/objects/reservation.go:41.98,42.47 1 1
github.com/apache/yunikorn-core/pkg/scheduler/objects/reservation.go:42.47,48.3 2 1
github.com/apache/yunikorn-core/pkg/scheduler/objects/reservation.go:49.2,55.14 2 1
github.com/apache/yunikorn-core/pkg/scheduler/objects/reservation.go:55.14,57.3 1 1
github.com/apache/yunikorn-core/pkg/scheduler/objects/reservation.go:57.8,59.3 1 1
github.com/apache/yunikorn-core/pkg/scheduler/objects/reservation.go:60.2,60.12 1 1
github.com/apache/yunikorn-core/pkg/scheduler/objects/reservation.go:63.39,64.14 1 1
github.com/apache/yunikorn-core/pkg/scheduler/objects/reservation.go:64.14,66.3 1 1
github.com/apache/yunikorn-core/pkg/scheduler/objects/reservation.go:67.2,67.20 1 1
github.com/apache/yunikorn-core/pkg/scheduler/objects/reservation.go:67.20,69.3 1 1
github.com/apache/yunikorn-core/pkg/scheduler/objects/reservation.go:70.2,70.67 1 1
github.com/apache/yunikorn-core/pkg/scheduler/objects/reservation.go:75.71,76.14 1 1
github.com/apache/yunikorn-core/pkg/scheduler/objects/reservation.go:76.14,78.3 1 1
github.com/apache/yunikorn-core/pkg/scheduler/objects/reservation.go:79.2,79.22 1 1
github.com/apache/yunikorn-core/pkg/scheduler/objects/sorted_asks.go:29.50,32.44 2 1
github.com/apache/yunikorn-core/pkg/scheduler/objects/sorted_asks.go:32.44,36.3 2 1
github.com/apache/yunikorn-core/pkg/scheduler/objects/sorted_asks.go:38.2,38.44 1 1
github.com/apache/yunikorn-core/pkg/scheduler/objects/sorted_asks.go:38.44,40.3 1 1
github.com/apache/yunikorn-core/pkg/scheduler/objects/sorted_asks.go:41.2,41.22 1 1
github.com/apache/yunikorn-core/pkg/scheduler/objects/sorted_asks.go:44.63,46.21 2 1
github.com/apache/yunikorn-core/pkg/scheduler/objects/sorted_asks.go:46.21,48.3 1 1
github.com/apache/yunikorn-core/pkg/scheduler/objects/sorted_asks.go:49.2,49.19 1 1
github.com/apache/yunikorn-core/pkg/scheduler/objects/sorted_asks.go:52.50,53.47 1 1
github.com/apache/yunikorn-core/pkg/scheduler/objects/sorted_asks.go:53.47,55.3 1 1
github.com/apache/yunikorn-core/pkg/scheduler/objects/sorted_asks.go:56.2,56.68 1 1
github.com/apache/yunikorn-core/pkg/scheduler/objects/sorted_asks.go:56.68,58.3 1 1
github.com/apache/yunikorn-core/pkg/scheduler/objects/sorted_asks.go:59.2,59.17 1 1
github.com/apache/yunikorn-core/pkg/scheduler/objects/sorted_asks.go:62.46,66.2 3 1
github.com/apache/yunikorn-core/pkg/scheduler/objects/sorters.go:30.126,32.41 2 1
github.com/apache/yunikorn-core/pkg/scheduler/objects/sorters.go:32.41,33.23 1 1
github.com/apache/yunikorn-core/pkg/scheduler/objects/sorters.go:33.23,35.4 1 1
github.com/apache/yunikorn-core/pkg/scheduler/objects/sorters.go:35.9,37.4 1 1
github.com/apache/yunikorn-core/pkg/scheduler/objects/sorters.go:38.8,39.23 1 1
github.com/apache/yunikorn-core/pkg/scheduler/objects/sorters.go:39.23,41.4 1 1
github.com/apache/yunikorn-core/pkg/scheduler/objects/sorters.go:43.2,43.72 1 1
github.com/apache/yunikorn-core/pkg/scheduler/objects/sorters.go:46.44,47.47 1 1
github.com/apache/yunikorn-core/pkg/scheduler/objects/sorters.go:47.47,53.3 5 1
github.com/apache/yunikorn-core/pkg/scheduler/objects/sorters.go:56.95,57.47 1 1
github.com/apache/yunikorn-core/pkg/scheduler/objects/sorters.go:57.47,62.28 5 1
github.com/apache/yunikorn-core/pkg/scheduler/objects/sorters.go:62.28,64.4 1 1
github.com/apache/yunikorn-core/pkg/scheduler/objects/sorters.go:65.3,65.28 1 1
github.com/apache/yunikorn-core/pkg/scheduler/objects/sorters.go:65.28,67.4 1 1
github.com/apache/yunikorn-core/pkg/scheduler/objects/sorters.go:69.3,72.16 2 1
github.com/apache/yunikorn-core/pkg/scheduler/objects/sorters.go:72.16,74.4 1 1
github.com/apache/yunikorn-core/pkg/scheduler/objects/sorters.go:75.3,75.18 1 1
github.com/apache/yunikorn-core/pkg/scheduler/objects/sorters.go:79.95,80.47 1 1
github.com/apache/yunikorn-core/pkg/scheduler/objects/sorters.go:80.47,86.16 4 1
github.com/apache/yunikorn-core/pkg/scheduler/objects/sorters.go:86.16,89.29 3 1
github.com/apache/yunikorn-core/pkg/scheduler/objects/sorters.go:89.29,91.5 1 1
github.com/apache/yunikorn-core/pkg/scheduler/objects/sorters.go:92.4,92.29 1 1
github.com/apache/yunikorn-core/pkg/scheduler/objects/sorters.go:92.29,94.5 1 1
github.com/apache/yunikorn-core/pkg/scheduler/objects/sorters.go:95.4,95.119 1 1
github.com/apache/yunikorn-core/pkg/scheduler/objects/sorters.go:97.3,97.18 1 1
github.com/apache/yunikorn-core/pkg/scheduler/objects/sorters.go:101.157,104.18 3 1
github.com/apache/yunikorn-core/pkg/scheduler/objects/sorters.go:105.31,106.23 1 1
github.com/apache/yunikorn-core/pkg/scheduler/objects/sorters.go:106.23,108.4 1 1
github.com/apache/yunikorn-core/pkg/scheduler/objects/sorters.go:108.9,110.4 1 1
github.com/apache/yunikorn-core/pkg/scheduler/objects/sorters.go:111.31,112.23 1 1
github.com/apache/yunikorn-core/pkg/scheduler/objects/sorters.go:112.23,114.4 1 1
github.com/apache/yunikorn-core/pkg/scheduler/objects/sorters.go:114.9,116.4 1 1
github.com/apache/yunikorn-core/pkg/scheduler/objects/sorters.go:118.2,119.19 2 1
github.com/apache/yunikorn-core/pkg/scheduler/objects/sorters.go:122.107,123.51 1 1
github.com/apache/yunikorn-core/pkg/scheduler/objects/sorters.go:123.51,126.118 3 1
github.com/apache/yunikorn-core/pkg/scheduler/objects/sorters.go:126.118,128.4 1 1
github.com/apache/yunikorn-core/pkg/scheduler/objects/sorters.go:129.3,129.55 1 1
github.com/apache/yunikorn-core/pkg/scheduler/objects/sorters.go:133.107,134.51 1 1
github.com/apache/yunikorn-core/pkg/scheduler/objects/sorters.go:134.51,139.35 5 1
github.com/apache/yunikorn-core/pkg/scheduler/objects/sorters.go:139.35,141.4 1 1
github.com/apache/yunikorn-core/pkg/scheduler/objects/sorters.go:142.3,142.35 1 1
github.com/apache/yunikorn-core/pkg/scheduler/objects/sorters.go:142.35,144.4 1 0
github.com/apache/yunikorn-core/pkg/scheduler/objects/sorters.go:145.3,145.106 1 1
github.com/apache/yunikorn-core/pkg/scheduler/objects/sorters.go:149.77,150.51 1 1
github.com/apache/yunikorn-core/pkg/scheduler/objects/sorters.go:150.51,153.48 3 1
github.com/apache/yunikorn-core/pkg/scheduler/objects/sorters.go:153.48,155.4 1 0
github.com/apache/yunikorn-core/pkg/scheduler/objects/sorters.go:156.3,156.48 1 1
github.com/apache/yunikorn-core/pkg/scheduler/objects/sorters.go:156.48,158.4 1 1
github.com/apache/yunikorn-core/pkg/scheduler/objects/sorters.go:159.3,159.55 1 1
github.com/apache/yunikorn-core/pkg/scheduler/objects/sorters.go:163.77,164.51 1 1
github.com/apache/yunikorn-core/pkg/scheduler/objects/sorters.go:164.51,169.35 5 1
github.com/apache/yunikorn-core/pkg/scheduler/objects/sorters.go:169.35,171.4 1 1
github.com/apache/yunikorn-core/pkg/scheduler/objects/sorters.go:172.3,172.35 1 1
github.com/apache/yunikorn-core/pkg/scheduler/objects/sorters.go:172.35,174.4 1 1
github.com/apache/yunikorn-core/pkg/scheduler/objects/sorters.go:175.3,175.51 1 1
github.com/apache/yunikorn-core/pkg/scheduler/objects/sorters.go:179.76,181.27 2 1
github.com/apache/yunikorn-core/pkg/scheduler/objects/sorters.go:181.27,183.66 1 1
github.com/apache/yunikorn-core/pkg/scheduler/objects/sorters.go:183.66,185.4 1 1
github.com/apache/yunikorn-core/pkg/scheduler/objects/sorters.go:187.2,187.21 1 1
